{"/home/travis/build/npmtest/node-npmtest-node-jvm/test.js":{"path":"/home/travis/build/npmtest/node-npmtest-node-jvm/test.js","s":{"1":2,"2":2,"3":2,"4":2,"5":2,"6":2,"7":2,"8":1,"9":2,"10":2,"11":1,"12":1,"13":1,"14":1,"15":2,"16":2,"17":2,"18":2,"19":1,"20":1,"21":2,"22":2,"23":2,"24":1,"25":1,"26":1,"27":1,"28":1,"29":1,"30":1,"31":1,"32":1,"33":1,"34":1,"35":1,"36":1,"37":1,"38":1,"39":2,"40":2,"41":1,"42":2,"43":2,"44":1,"45":2,"46":2,"47":1,"48":2,"49":2,"50":1,"51":1,"52":1,"53":1,"54":1},"b":{"1":[2,1,1,1],"2":[1,1,1,1],"3":[1,1],"4":[1,1],"5":[1,1],"6":[1,1],"7":[1,1],"8":[1,1],"9":[1,1],"10":[1,1,1],"11":[1,1],"12":[1,1],"13":[1,1],"14":[1,1],"15":[1,1],"16":[1,1],"17":[1,1]},"f":{"1":2,"2":2,"3":2,"4":2,"5":2,"6":1,"7":1,"8":1,"9":2,"10":2,"11":2,"12":2,"13":1},"fnMap":{"1":{"name":"(anonymous_1)","line":12,"loc":{"start":{"line":12,"column":1},"end":{"line":12,"column":13}}},"2":{"name":"(anonymous_2)","line":19,"loc":{"start":{"line":19,"column":5},"end":{"line":19,"column":17}}},"3":{"name":"(anonymous_3)","line":23,"loc":{"start":{"line":23,"column":24},"end":{"line":23,"column":36}}},"4":{"name":"(anonymous_4)","line":61,"loc":{"start":{"line":61,"column":5},"end":{"line":61,"column":17}}},"5":{"name":"(anonymous_5)","line":82,"loc":{"start":{"line":82,"column":5},"end":{"line":82,"column":17}}},"6":{"name":"(anonymous_6)","line":91,"loc":{"start":{"line":91,"column":77},"end":{"line":94,"column":10}}},"7":{"name":"(anonymous_7)","line":112,"loc":{"start":{"line":112,"column":83},"end":{"line":115,"column":10}},"skip":true},"8":{"name":"(anonymous_8)","line":123,"loc":{"start":{"line":123,"column":77},"end":{"line":126,"column":10}},"skip":true},"9":{"name":"(anonymous_9)","line":139,"loc":{"start":{"line":139,"column":12},"end":{"line":139,"column":40}},"skip":true},"10":{"name":"(anonymous_10)","line":147,"loc":{"start":{"line":147,"column":77},"end":{"line":150,"column":10}},"skip":true},"11":{"name":"(anonymous_11)","line":158,"loc":{"start":{"line":158,"column":83},"end":{"line":161,"column":10}},"skip":true},"12":{"name":"(anonymous_12)","line":169,"loc":{"start":{"line":169,"column":79},"end":{"line":172,"column":10}},"skip":true},"13":{"name":"(anonymous_13)","line":180,"loc":{"start":{"line":180,"column":75},"end":{"line":183,"column":10}},"skip":true}},"statementMap":{"1":{"start":{"line":12,"column":0},"end":{"line":195,"column":5}},"2":{"start":{"line":14,"column":4},"end":{"line":14,"column":14}},"3":{"start":{"line":19,"column":4},"end":{"line":56,"column":9}},"4":{"start":{"line":21,"column":8},"end":{"line":21,"column":19}},"5":{"start":{"line":23,"column":8},"end":{"line":35,"column":13}},"6":{"start":{"line":24,"column":12},"end":{"line":34,"column":13}},"7":{"start":{"line":25,"column":16},"end":{"line":28,"column":30}},"8":{"start":{"line":30,"column":16},"end":{"line":33,"column":27}},"9":{"start":{"line":37,"column":8},"end":{"line":39,"column":21}},"10":{"start":{"line":40,"column":8},"end":{"line":53,"column":9}},"11":{"start":{"line":43,"column":12},"end":{"line":46,"column":14}},"12":{"start":{"line":47,"column":12},"end":{"line":47,"column":18}},"13":{"start":{"line":50,"column":12},"end":{"line":51,"column":33}},"14":{"start":{"line":52,"column":12},"end":{"line":52,"column":18}},"15":{"start":{"line":55,"column":8},"end":{"line":55,"column":35}},"16":{"start":{"line":61,"column":4},"end":{"line":63,"column":9}},"17":{"start":{"line":62,"column":8},"end":{"line":62,"column":15}},"18":{"start":{"line":64,"column":4},"end":{"line":77,"column":5}},"19":{"start":{"line":70,"column":8},"end":{"line":70,"column":14}},"20":{"start":{"line":76,"column":8},"end":{"line":76,"column":14}},"21":{"start":{"line":82,"column":4},"end":{"line":84,"column":9}},"22":{"start":{"line":83,"column":8},"end":{"line":83,"column":15}},"23":{"start":{"line":85,"column":4},"end":{"line":194,"column":5}},"24":{"start":{"line":91,"column":8},"end":{"line":99,"column":10}},"25":{"start":{"line":98,"column":12},"end":{"line":98,"column":35}},"26":{"start":{"line":102,"column":8},"end":{"line":104,"column":63}},"27":{"start":{"line":105,"column":8},"end":{"line":105,"column":14}},"28":{"start":{"line":112,"column":8},"end":{"line":121,"column":10},"skip":true},"29":{"start":{"line":119,"column":12},"end":{"line":119,"column":55},"skip":true},"30":{"start":{"line":120,"column":12},"end":{"line":120,"column":48},"skip":true},"31":{"start":{"line":123,"column":8},"end":{"line":136,"column":10},"skip":true},"32":{"start":{"line":130,"column":12},"end":{"line":130,"column":76},"skip":true},"33":{"start":{"line":131,"column":12},"end":{"line":131,"column":73},"skip":true},"34":{"start":{"line":132,"column":12},"end":{"line":132,"column":74},"skip":true},"35":{"start":{"line":133,"column":12},"end":{"line":133,"column":79},"skip":true},"36":{"start":{"line":134,"column":12},"end":{"line":134,"column":25},"skip":true},"37":{"start":{"line":135,"column":12},"end":{"line":135,"column":45},"skip":true},"38":{"start":{"line":138,"column":8},"end":{"line":145,"column":14},"skip":true},"39":{"start":{"line":143,"column":16},"end":{"line":143,"column":29},"skip":true},"40":{"start":{"line":144,"column":16},"end":{"line":144,"column":55},"skip":true},"41":{"start":{"line":147,"column":8},"end":{"line":156,"column":10},"skip":true},"42":{"start":{"line":154,"column":12},"end":{"line":154,"column":25},"skip":true},"43":{"start":{"line":155,"column":12},"end":{"line":155,"column":45},"skip":true},"44":{"start":{"line":158,"column":8},"end":{"line":167,"column":10},"skip":true},"45":{"start":{"line":165,"column":12},"end":{"line":165,"column":25},"skip":true},"46":{"start":{"line":166,"column":12},"end":{"line":166,"column":48},"skip":true},"47":{"start":{"line":169,"column":8},"end":{"line":178,"column":10},"skip":true},"48":{"start":{"line":176,"column":12},"end":{"line":176,"column":25},"skip":true},"49":{"start":{"line":177,"column":12},"end":{"line":177,"column":46},"skip":true},"50":{"start":{"line":180,"column":8},"end":{"line":189,"column":10},"skip":true},"51":{"start":{"line":187,"column":12},"end":{"line":187,"column":94},"skip":true},"52":{"start":{"line":188,"column":12},"end":{"line":188,"column":48},"skip":true},"53":{"start":{"line":192,"column":8},"end":{"line":192,"column":35},"skip":true},"54":{"start":{"line":193,"column":8},"end":{"line":193,"column":14},"skip":true}},"branchMap":{"1":{"line":25,"type":"binary-expr","locations":[{"start":{"line":25,"column":23},"end":{"line":25,"column":62}},{"start":{"line":26,"column":20},"end":{"line":26,"column":70}},{"start":{"line":27,"column":20},"end":{"line":27,"column":71}},{"start":{"line":28,"column":20},"end":{"line":28,"column":29}}]},"2":{"line":30,"type":"binary-expr","locations":[{"start":{"line":30,"column":23},"end":{"line":30,"column":37}},{"start":{"line":31,"column":20},"end":{"line":31,"column":61}},{"start":{"line":32,"column":20},"end":{"line":32,"column":70}},{"start":{"line":33,"column":20},"end":{"line":33,"column":26}}]},"3":{"line":37,"type":"cond-expr","locations":[{"start":{"line":38,"column":14},"end":{"line":38,"column":20}},{"start":{"line":39,"column":14},"end":{"line":39,"column":20}}]},"4":{"line":40,"type":"switch","locations":[{"start":{"line":42,"column":8},"end":{"line":47,"column":18}},{"start":{"line":49,"column":8},"end":{"line":52,"column":18}}]},"5":{"line":44,"type":"binary-expr","locations":[{"start":{"line":44,"column":16},"end":{"line":44,"column":44}},{"start":{"line":44,"column":48},"end":{"line":44,"column":66}}]},"6":{"line":50,"type":"binary-expr","locations":[{"start":{"line":50,"column":21},"end":{"line":50,"column":49}},{"start":{"line":50,"column":53},"end":{"line":50,"column":72}}]},"7":{"line":64,"type":"switch","locations":[{"start":{"line":69,"column":4},"end":{"line":70,"column":14}},{"start":{"line":75,"column":4},"end":{"line":76,"column":14}}]},"8":{"line":85,"type":"switch","locations":[{"start":{"line":90,"column":4},"end":{"line":105,"column":14}},{"start":{"line":111,"column":4},"end":{"line":193,"column":14},"skip":true}]},"9":{"line":91,"type":"binary-expr","locations":[{"start":{"line":91,"column":42},"end":{"line":91,"column":73}},{"start":{"line":91,"column":77},"end":{"line":99,"column":9}}]},"10":{"line":102,"type":"binary-expr","locations":[{"start":{"line":102,"column":18},"end":{"line":102,"column":32}},{"start":{"line":103,"column":12},"end":{"line":103,"column":53}},{"start":{"line":104,"column":12},"end":{"line":104,"column":61}}]},"11":{"line":112,"type":"binary-expr","locations":[{"start":{"line":112,"column":45},"end":{"line":112,"column":79},"skip":true},{"start":{"line":112,"column":83},"end":{"line":121,"column":9},"skip":true}]},"12":{"line":123,"type":"binary-expr","locations":[{"start":{"line":123,"column":42},"end":{"line":123,"column":73},"skip":true},{"start":{"line":123,"column":77},"end":{"line":136,"column":9},"skip":true}]},"13":{"line":138,"type":"binary-expr","locations":[{"start":{"line":138,"column":48},"end":{"line":138,"column":85},"skip":true},{"start":{"line":139,"column":12},"end":{"line":145,"column":13},"skip":true}]},"14":{"line":147,"type":"binary-expr","locations":[{"start":{"line":147,"column":42},"end":{"line":147,"column":73},"skip":true},{"start":{"line":147,"column":77},"end":{"line":156,"column":9},"skip":true}]},"15":{"line":158,"type":"binary-expr","locations":[{"start":{"line":158,"column":45},"end":{"line":158,"column":79},"skip":true},{"start":{"line":158,"column":83},"end":{"line":167,"column":9},"skip":true}]},"16":{"line":169,"type":"binary-expr","locations":[{"start":{"line":169,"column":43},"end":{"line":169,"column":75},"skip":true},{"start":{"line":169,"column":79},"end":{"line":178,"column":9},"skip":true}]},"17":{"line":180,"type":"binary-expr","locations":[{"start":{"line":180,"column":41},"end":{"line":180,"column":71},"skip":true},{"start":{"line":180,"column":75},"end":{"line":189,"column":9},"skip":true}]}},"code":["/* istanbul instrument in package npmtest_node_jvm */","/*jslint","    bitwise: true,","    browser: true,","    maxerr: 8,","    maxlen: 96,","    node: true,","    nomen: true,","    regexp: true,","    stupid: true","*/","(function () {","    'use strict';","    var local;","","","","    // run shared js-env code - pre-init","    (function () {","        // init local","        local = {};","        // init modeJs","        local.modeJs = (function () {","            try {","                return typeof navigator.userAgent === 'string' &&","                    typeof document.querySelector('body') === 'object' &&","                    typeof XMLHttpRequest.prototype.open === 'function' &&","                    'browser';","            } catch (errorCaughtBrowser) {","                return module.exports &&","                    typeof process.versions.node === 'string' &&","                    typeof require('http').createServer === 'function' &&","                    'node';","            }","        }());","        // init global","        local.global = local.modeJs === 'browser'","            ? window","            : global;","        switch (local.modeJs) {","        // re-init local from window.local","        case 'browser':","            local = local.global.utility2.objectSetDefault(","                local.global.utility2_rollup || local.global.local,","                local.global.utility2","            );","            break;","        // re-init local from example.js","        case 'node':","            local = (local.global.utility2_rollup || require('utility2'))","                .requireReadme();","            break;","        }","        // export local","        local.global.local = local;","    }());","","","","    // run shared js-env code - function","    (function () {","        return;","    }());","    switch (local.modeJs) {","","","","    // run browser js-env code - function","    case 'browser':","        break;","","","","    // run node js-env code - function","    case 'node':","        break;","    }","","","","    // run shared js-env code - post-init","    (function () {","        return;","    }());","    switch (local.modeJs) {","","","","    // run browser js-env code - post-init","    case 'browser':","        local.testCase_browser_nullCase = local.testCase_browser_nullCase || function (","            options,","            onError","        ) {","        /*","         * this function will test browsers's null-case handling-behavior-behavior","         */","            onError(null, options);","        };","","        // run tests","        local.nop(local.modeTest &&","            document.querySelector('#testRunButton1') &&","            document.querySelector('#testRunButton1').click());","        break;","","","","    // run node js-env code - post-init","    /* istanbul ignore next */","    case 'node':","        local.testCase_buildApidoc_default = local.testCase_buildApidoc_default || function (","            options,","            onError","        ) {","        /*","         * this function will test buildApidoc's default handling-behavior-behavior","         */","            options = { modulePathList: module.paths };","            local.buildApidoc(options, onError);","        };","","        local.testCase_buildApp_default = local.testCase_buildApp_default || function (","            options,","            onError","        ) {","        /*","         * this function will test buildApp's default handling-behavior-behavior","         */","            local.testCase_buildReadme_default(options, local.onErrorThrow);","            local.testCase_buildLib_default(options, local.onErrorThrow);","            local.testCase_buildTest_default(options, local.onErrorThrow);","            local.testCase_buildCustomOrg_default(options, local.onErrorThrow);","            options = [];","            local.buildApp(options, onError);","        };","","        local.testCase_buildCustomOrg_default = local.testCase_buildCustomOrg_default ||","            function (options, onError) {","            /*","             * this function will test buildCustomOrg's default handling-behavior","             */","                options = {};","                local.buildCustomOrg(options, onError);","            };","","        local.testCase_buildLib_default = local.testCase_buildLib_default || function (","            options,","            onError","        ) {","        /*","         * this function will test buildLib's default handling-behavior","         */","            options = {};","            local.buildLib(options, onError);","        };","","        local.testCase_buildReadme_default = local.testCase_buildReadme_default || function (","            options,","            onError","        ) {","        /*","         * this function will test buildReadme's default handling-behavior-behavior","         */","            options = {};","            local.buildReadme(options, onError);","        };","","        local.testCase_buildTest_default = local.testCase_buildTest_default || function (","            options,","            onError","        ) {","        /*","         * this function will test buildTest's default handling-behavior","         */","            options = {};","            local.buildTest(options, onError);","        };","","        local.testCase_webpage_default = local.testCase_webpage_default || function (","            options,","            onError","        ) {","        /*","         * this function will test webpage's default handling-behavior","         */","            options = { modeCoverageMerge: true, url: local.serverLocalHost + '?modeTest=1' };","            local.browserTest(options, onError);","        };","","        // run test-server","        local.testRunServer(local);","        break;","    }","}());",""],"l":{"12":2,"14":2,"19":2,"21":2,"23":2,"24":2,"25":2,"30":1,"37":2,"40":2,"43":1,"47":1,"50":1,"52":1,"55":2,"61":2,"62":2,"64":2,"70":1,"76":1,"82":2,"83":2,"85":2,"91":1,"98":1,"102":1,"105":1,"112":1,"119":1,"120":1,"123":1,"130":1,"131":1,"132":1,"133":1,"134":1,"135":1,"138":1,"143":2,"144":2,"147":1,"154":2,"155":2,"158":1,"165":2,"166":2,"169":1,"176":2,"177":2,"180":1,"187":1,"188":1,"192":1,"193":1}},"/home/travis/build/npmtest/node-npmtest-node-jvm/lib.npmtest_node_jvm.js":{"path":"/home/travis/build/npmtest/node-npmtest-node-jvm/lib.npmtest_node_jvm.js","s":{"1":2,"2":2,"3":2,"4":2,"5":2,"6":2,"7":2,"8":1,"9":2,"10":2,"11":2,"12":2,"13":1,"14":1,"15":1,"16":1},"b":{"1":[2,1,1,1],"2":[1,1,1,1],"3":[1,1],"4":[2,2],"5":[1,1]},"f":{"1":2,"2":2,"3":2},"fnMap":{"1":{"name":"(anonymous_1)","line":12,"loc":{"start":{"line":12,"column":1},"end":{"line":12,"column":13}}},"2":{"name":"(anonymous_2)","line":19,"loc":{"start":{"line":19,"column":5},"end":{"line":19,"column":17}}},"3":{"name":"(anonymous_3)","line":23,"loc":{"start":{"line":23,"column":24},"end":{"line":23,"column":36}}}},"statementMap":{"1":{"start":{"line":12,"column":0},"end":{"line":53,"column":5}},"2":{"start":{"line":14,"column":4},"end":{"line":14,"column":14}},"3":{"start":{"line":19,"column":4},"end":{"line":52,"column":9}},"4":{"start":{"line":21,"column":8},"end":{"line":21,"column":19}},"5":{"start":{"line":23,"column":8},"end":{"line":35,"column":13}},"6":{"start":{"line":24,"column":12},"end":{"line":34,"column":13}},"7":{"start":{"line":25,"column":16},"end":{"line":28,"column":30}},"8":{"start":{"line":30,"column":16},"end":{"line":33,"column":27}},"9":{"start":{"line":37,"column":8},"end":{"line":39,"column":21}},"10":{"start":{"line":41,"column":8},"end":{"line":41,"column":54}},"11":{"start":{"line":43,"column":8},"end":{"line":43,"column":53}},"12":{"start":{"line":45,"column":8},"end":{"line":51,"column":9}},"13":{"start":{"line":46,"column":12},"end":{"line":46,"column":59}},"14":{"start":{"line":48,"column":12},"end":{"line":48,"column":35}},"15":{"start":{"line":49,"column":12},"end":{"line":49,"column":49}},"16":{"start":{"line":50,"column":12},"end":{"line":50,"column":43}}},"branchMap":{"1":{"line":25,"type":"binary-expr","locations":[{"start":{"line":25,"column":23},"end":{"line":25,"column":62}},{"start":{"line":26,"column":20},"end":{"line":26,"column":70}},{"start":{"line":27,"column":20},"end":{"line":27,"column":71}},{"start":{"line":28,"column":20},"end":{"line":28,"column":29}}]},"2":{"line":30,"type":"binary-expr","locations":[{"start":{"line":30,"column":23},"end":{"line":30,"column":37}},{"start":{"line":31,"column":20},"end":{"line":31,"column":61}},{"start":{"line":32,"column":20},"end":{"line":32,"column":70}},{"start":{"line":33,"column":20},"end":{"line":33,"column":26}}]},"3":{"line":37,"type":"cond-expr","locations":[{"start":{"line":38,"column":14},"end":{"line":38,"column":20}},{"start":{"line":39,"column":14},"end":{"line":39,"column":20}}]},"4":{"line":41,"type":"binary-expr","locations":[{"start":{"line":41,"column":16},"end":{"line":41,"column":44}},{"start":{"line":41,"column":48},"end":{"line":41,"column":53}}]},"5":{"line":45,"type":"if","locations":[{"start":{"line":45,"column":8},"end":{"line":45,"column":8}},{"start":{"line":45,"column":8},"end":{"line":45,"column":8}}]}},"code":["/* istanbul instrument in package npmtest_node_jvm */","/*jslint","    bitwise: true,","    browser: true,","    maxerr: 8,","    maxlen: 96,","    node: true,","    nomen: true,","    regexp: true,","    stupid: true","*/","(function () {","    'use strict';","    var local;","","","","    // run shared js-env code - pre-init","    (function () {","        // init local","        local = {};","        // init modeJs","        local.modeJs = (function () {","            try {","                return typeof navigator.userAgent === 'string' &&","                    typeof document.querySelector('body') === 'object' &&","                    typeof XMLHttpRequest.prototype.open === 'function' &&","                    'browser';","            } catch (errorCaughtBrowser) {","                return module.exports &&","                    typeof process.versions.node === 'string' &&","                    typeof require('http').createServer === 'function' &&","                    'node';","            }","        }());","        // init global","        local.global = local.modeJs === 'browser'","            ? window","            : global;","        // init utility2_rollup","        local = local.global.utility2_rollup || local;","        // init lib","        local.local = local.npmtest_node_jvm = local;","        // init exports","        if (local.modeJs === 'browser') {","            local.global.utility2_npmtest_node_jvm = local;","        } else {","            module.exports = local;","            module.exports.__dirname = __dirname;","            module.exports.module = module;","        }","    }());","}());",""],"l":{"12":2,"14":2,"19":2,"21":2,"23":2,"24":2,"25":2,"30":1,"37":2,"41":2,"43":2,"45":2,"46":1,"48":1,"49":1,"50":1}},"/home/travis/build/npmtest/node-npmtest-node-jvm/example.js":{"path":"/home/travis/build/npmtest/node-npmtest-node-jvm/example.js","s":{"1":2,"2":2,"3":2,"4":2,"5":2,"6":2,"7":2,"8":1,"9":2,"10":2,"11":2,"12":2,"13":1,"14":2,"15":2,"16":2,"17":2,"18":2,"19":0,"20":2,"21":1,"22":1,"23":1,"24":1,"25":1,"26":0,"27":0,"28":1,"29":1,"30":2,"31":0,"32":0,"33":0,"34":1,"35":2,"36":2,"37":3,"38":3,"39":3,"40":3,"41":0,"42":3,"43":3,"44":3,"45":1,"46":3,"47":1,"48":1,"49":1,"50":1,"51":1,"52":1,"53":1,"54":1,"55":1,"56":1,"57":0,"58":1,"59":6,"60":6,"61":1,"62":2,"63":0,"64":2,"65":1,"66":1,"67":0,"68":0,"69":0,"70":0,"71":0,"72":0,"73":0,"74":0,"75":0,"76":0,"77":0,"78":0,"79":0,"80":0,"81":0,"82":0,"83":0},"b":{"1":[2,1,1,1],"2":[1,1,1,1],"3":[1,1],"4":[2,2],"5":[1,1],"6":[1,1],"7":[2,0],"8":[2,1,1,1,1,1],"9":[0,2,0],"10":[1,1],"11":[2,1,1],"12":[1,0],"13":[0,2],"14":[2,0,0,0,0,0,0],"15":[0,3],"16":[3,0],"17":[1,1],"18":[0,1],"19":[1,2,0,2],"20":[1,0],"21":[1,1],"22":[0,0],"23":[0,0],"24":[0,0],"25":[0,0],"26":[0,0],"27":[0,0],"28":[0,0]},"f":{"1":2,"2":2,"3":2,"4":2,"5":2,"6":2,"7":3,"8":3,"9":3,"10":1,"11":6,"12":0},"fnMap":{"1":{"name":"(anonymous_1)","line":26,"loc":{"start":{"line":26,"column":1},"end":{"line":26,"column":13}}},"2":{"name":"(anonymous_2)","line":33,"loc":{"start":{"line":33,"column":5},"end":{"line":33,"column":17}}},"3":{"name":"(anonymous_3)","line":37,"loc":{"start":{"line":37,"column":24},"end":{"line":37,"column":36}}},"4":{"name":"(anonymous_4)","line":69,"loc":{"start":{"line":69,"column":31},"end":{"line":69,"column":48}},"skip":true},"5":{"name":"(anonymous_5)","line":78,"loc":{"start":{"line":78,"column":26},"end":{"line":78,"column":45}},"skip":true},"6":{"name":"(anonymous_6)","line":123,"loc":{"start":{"line":123,"column":33},"end":{"line":123,"column":48}},"skip":true},"7":{"name":"(anonymous_7)","line":125,"loc":{"start":{"line":125,"column":27},"end":{"line":125,"column":39}},"skip":true},"8":{"name":"(anonymous_8)","line":133,"loc":{"start":{"line":133,"column":59},"end":{"line":133,"column":74}},"skip":true},"9":{"name":"(anonymous_9)","line":143,"loc":{"start":{"line":143,"column":45},"end":{"line":143,"column":62}},"skip":true},"10":{"name":"(anonymous_10)","line":144,"loc":{"start":{"line":144,"column":73},"end":{"line":144,"column":92}},"skip":true},"11":{"name":"(anonymous_11)","line":272,"loc":{"start":{"line":272,"column":51},"end":{"line":272,"column":77}},"skip":true},"12":{"name":"(anonymous_12)","line":315,"loc":{"start":{"line":315,"column":32},"end":{"line":315,"column":61}},"skip":true}},"statementMap":{"1":{"start":{"line":26,"column":0},"end":{"line":326,"column":5}},"2":{"start":{"line":28,"column":4},"end":{"line":28,"column":14}},"3":{"start":{"line":33,"column":4},"end":{"line":60,"column":9}},"4":{"start":{"line":35,"column":8},"end":{"line":35,"column":19}},"5":{"start":{"line":37,"column":8},"end":{"line":49,"column":13}},"6":{"start":{"line":38,"column":12},"end":{"line":48,"column":13}},"7":{"start":{"line":39,"column":16},"end":{"line":42,"column":30}},"8":{"start":{"line":44,"column":16},"end":{"line":47,"column":27}},"9":{"start":{"line":51,"column":8},"end":{"line":53,"column":21}},"10":{"start":{"line":55,"column":8},"end":{"line":57,"column":45}},"11":{"start":{"line":59,"column":8},"end":{"line":59,"column":35}},"12":{"start":{"line":61,"column":4},"end":{"line":325,"column":5}},"13":{"start":{"line":69,"column":8},"end":{"line":121,"column":10},"skip":true},"14":{"start":{"line":70,"column":12},"end":{"line":88,"column":13},"skip":true},"15":{"start":{"line":76,"column":16},"end":{"line":87,"column":19},"skip":true},"16":{"start":{"line":79,"column":20},"end":{"line":86,"column":21},"skip":true},"17":{"start":{"line":82,"column":24},"end":{"line":82,"column":43},"skip":true},"18":{"start":{"line":83,"column":24},"end":{"line":83,"column":30},"skip":true},"19":{"start":{"line":85,"column":24},"end":{"line":85,"column":49},"skip":true},"20":{"start":{"line":89,"column":12},"end":{"line":107,"column":13},"skip":true},"21":{"start":{"line":92,"column":16},"end":{"line":102,"column":17},"skip":true},"22":{"start":{"line":93,"column":20},"end":{"line":93,"column":86},"skip":true},"23":{"start":{"line":94,"column":20},"end":{"line":95,"column":45},"skip":true},"24":{"start":{"line":96,"column":20},"end":{"line":96,"column":42},"skip":true},"25":{"start":{"line":97,"column":20},"end":{"line":97,"column":48},"skip":true},"26":{"start":{"line":100,"column":20},"end":{"line":100,"column":85},"skip":true},"27":{"start":{"line":101,"column":20},"end":{"line":101,"column":96},"skip":true},"28":{"start":{"line":103,"column":16},"end":{"line":103,"column":22},"skip":true},"29":{"start":{"line":106,"column":16},"end":{"line":106,"column":22},"skip":true},"30":{"start":{"line":108,"column":12},"end":{"line":120,"column":13},"skip":true},"31":{"start":{"line":114,"column":16},"end":{"line":119,"column":17},"skip":true},"32":{"start":{"line":116,"column":20},"end":{"line":116,"column":78},"skip":true},"33":{"start":{"line":118,"column":20},"end":{"line":118,"column":47},"skip":true},"34":{"start":{"line":123,"column":8},"end":{"line":141,"column":11},"skip":true},"35":{"start":{"line":124,"column":12},"end":{"line":124,"column":54},"skip":true},"36":{"start":{"line":125,"column":12},"end":{"line":140,"column":14},"skip":true},"37":{"start":{"line":126,"column":16},"end":{"line":126,"column":28},"skip":true},"38":{"start":{"line":127,"column":16},"end":{"line":127,"column":69},"skip":true},"39":{"start":{"line":128,"column":16},"end":{"line":128,"column":75},"skip":true},"40":{"start":{"line":129,"column":16},"end":{"line":131,"column":17},"skip":true},"41":{"start":{"line":130,"column":20},"end":{"line":130,"column":27},"skip":true},"42":{"start":{"line":133,"column":16},"end":{"line":137,"column":36},"skip":true},"43":{"start":{"line":134,"column":20},"end":{"line":136,"column":55},"skip":true},"44":{"start":{"line":139,"column":16},"end":{"line":139,"column":57},"skip":true},"45":{"start":{"line":143,"column":8},"end":{"line":147,"column":11},"skip":true},"46":{"start":{"line":144,"column":12},"end":{"line":146,"column":15},"skip":true},"47":{"start":{"line":145,"column":16},"end":{"line":145,"column":70},"skip":true},"48":{"start":{"line":149,"column":8},"end":{"line":149,"column":31},"skip":true},"49":{"start":{"line":150,"column":8},"end":{"line":150,"column":14},"skip":true},"50":{"start":{"line":158,"column":8},"end":{"line":158,"column":31},"skip":true},"51":{"start":{"line":160,"column":8},"end":{"line":160,"column":33},"skip":true},"52":{"start":{"line":161,"column":8},"end":{"line":161,"column":37},"skip":true},"53":{"start":{"line":162,"column":8},"end":{"line":162,"column":35},"skip":true},"54":{"start":{"line":164,"column":8},"end":{"line":164,"column":50},"skip":true},"55":{"start":{"line":166,"column":8},"end":{"line":256,"column":2},"skip":true},"56":{"start":{"line":258,"column":8},"end":{"line":286,"column":9},"skip":true},"57":{"start":{"line":259,"column":12},"end":{"line":269,"column":14},"skip":true},"58":{"start":{"line":271,"column":12},"end":{"line":285,"column":19},"skip":true},"59":{"start":{"line":274,"column":20},"end":{"line":274,"column":35},"skip":true},"60":{"start":{"line":275,"column":20},"end":{"line":284,"column":21},"skip":true},"61":{"start":{"line":277,"column":24},"end":{"line":277,"column":64},"skip":true},"62":{"start":{"line":279,"column":24},"end":{"line":279,"column":40},"skip":true},"63":{"start":{"line":281,"column":24},"end":{"line":281,"column":40},"skip":true},"64":{"start":{"line":283,"column":24},"end":{"line":283,"column":39},"skip":true},"65":{"start":{"line":288,"column":8},"end":{"line":290,"column":9},"skip":true},"66":{"start":{"line":289,"column":12},"end":{"line":289,"column":18},"skip":true},"67":{"start":{"line":291,"column":8},"end":{"line":293,"column":54},"skip":true},"68":{"start":{"line":296,"column":8},"end":{"line":301,"column":37},"skip":true},"69":{"start":{"line":303,"column":8},"end":{"line":303,"column":82},"skip":true},"70":{"start":{"line":306,"column":8},"end":{"line":308,"column":9},"skip":true},"71":{"start":{"line":307,"column":12},"end":{"line":307,"column":82},"skip":true},"72":{"start":{"line":310,"column":8},"end":{"line":312,"column":9},"skip":true},"73":{"start":{"line":311,"column":12},"end":{"line":311,"column":18},"skip":true},"74":{"start":{"line":313,"column":8},"end":{"line":313,"column":54},"skip":true},"75":{"start":{"line":314,"column":8},"end":{"line":314,"column":69},"skip":true},"76":{"start":{"line":315,"column":8},"end":{"line":323,"column":36},"skip":true},"77":{"start":{"line":316,"column":12},"end":{"line":316,"column":61},"skip":true},"78":{"start":{"line":317,"column":12},"end":{"line":320,"column":13},"skip":true},"79":{"start":{"line":318,"column":16},"end":{"line":318,"column":75},"skip":true},"80":{"start":{"line":319,"column":16},"end":{"line":319,"column":23},"skip":true},"81":{"start":{"line":321,"column":12},"end":{"line":321,"column":38},"skip":true},"82":{"start":{"line":322,"column":12},"end":{"line":322,"column":27},"skip":true},"83":{"start":{"line":324,"column":8},"end":{"line":324,"column":14},"skip":true}},"branchMap":{"1":{"line":39,"type":"binary-expr","locations":[{"start":{"line":39,"column":23},"end":{"line":39,"column":62}},{"start":{"line":40,"column":20},"end":{"line":40,"column":70}},{"start":{"line":41,"column":20},"end":{"line":41,"column":71}},{"start":{"line":42,"column":20},"end":{"line":42,"column":29}}]},"2":{"line":44,"type":"binary-expr","locations":[{"start":{"line":44,"column":23},"end":{"line":44,"column":37}},{"start":{"line":45,"column":20},"end":{"line":45,"column":61}},{"start":{"line":46,"column":20},"end":{"line":46,"column":70}},{"start":{"line":47,"column":20},"end":{"line":47,"column":26}}]},"3":{"line":51,"type":"cond-expr","locations":[{"start":{"line":52,"column":14},"end":{"line":52,"column":20}},{"start":{"line":53,"column":14},"end":{"line":53,"column":20}}]},"4":{"line":55,"type":"binary-expr","locations":[{"start":{"line":55,"column":16},"end":{"line":55,"column":44}},{"start":{"line":55,"column":49},"end":{"line":57,"column":43}}]},"5":{"line":55,"type":"cond-expr","locations":[{"start":{"line":56,"column":14},"end":{"line":56,"column":52}},{"start":{"line":57,"column":14},"end":{"line":57,"column":43}}]},"6":{"line":61,"type":"switch","locations":[{"start":{"line":68,"column":4},"end":{"line":150,"column":14},"skip":true},{"start":{"line":156,"column":4},"end":{"line":324,"column":14},"skip":true}]},"7":{"line":70,"type":"if","locations":[{"start":{"line":70,"column":12},"end":{"line":70,"column":12},"skip":true},{"start":{"line":70,"column":12},"end":{"line":70,"column":12},"skip":true}]},"8":{"line":70,"type":"binary-expr","locations":[{"start":{"line":70,"column":16},"end":{"line":70,"column":22},"skip":true},{"start":{"line":70,"column":27},"end":{"line":70,"column":32},"skip":true},{"start":{"line":71,"column":20},"end":{"line":71,"column":39},"skip":true},{"start":{"line":72,"column":20},"end":{"line":72,"column":49},"skip":true},{"start":{"line":73,"column":20},"end":{"line":73,"column":58},"skip":true},{"start":{"line":74,"column":20},"end":{"line":74,"column":69},"skip":true}]},"9":{"line":79,"type":"switch","locations":[{"start":{"line":80,"column":20},"end":{"line":80,"column":33},"skip":true},{"start":{"line":81,"column":20},"end":{"line":83,"column":30},"skip":true},{"start":{"line":84,"column":20},"end":{"line":85,"column":49},"skip":true}]},"10":{"line":89,"type":"switch","locations":[{"start":{"line":90,"column":12},"end":{"line":103,"column":22},"skip":true},{"start":{"line":105,"column":12},"end":{"line":106,"column":22},"skip":true}]},"11":{"line":89,"type":"binary-expr","locations":[{"start":{"line":89,"column":20},"end":{"line":89,"column":25},"skip":true},{"start":{"line":89,"column":29},"end":{"line":89,"column":48},"skip":true},{"start":{"line":89,"column":52},"end":{"line":89,"column":74},"skip":true}]},"12":{"line":92,"type":"if","locations":[{"start":{"line":92,"column":16},"end":{"line":92,"column":16},"skip":true},{"start":{"line":92,"column":16},"end":{"line":92,"column":16},"skip":true}]},"13":{"line":108,"type":"if","locations":[{"start":{"line":108,"column":12},"end":{"line":108,"column":12},"skip":true},{"start":{"line":108,"column":12},"end":{"line":108,"column":12},"skip":true}]},"14":{"line":108,"type":"binary-expr","locations":[{"start":{"line":108,"column":16},"end":{"line":108,"column":61},"skip":true},{"start":{"line":108,"column":66},"end":{"line":108,"column":72},"skip":true},{"start":{"line":108,"column":77},"end":{"line":108,"column":82},"skip":true},{"start":{"line":109,"column":20},"end":{"line":109,"column":39},"skip":true},{"start":{"line":110,"column":20},"end":{"line":110,"column":49},"skip":true},{"start":{"line":111,"column":20},"end":{"line":111,"column":58},"skip":true},{"start":{"line":112,"column":20},"end":{"line":112,"column":68},"skip":true}]},"15":{"line":129,"type":"if","locations":[{"start":{"line":129,"column":16},"end":{"line":129,"column":16},"skip":true},{"start":{"line":129,"column":16},"end":{"line":129,"column":16},"skip":true}]},"16":{"line":134,"type":"cond-expr","locations":[{"start":{"line":135,"column":26},"end":{"line":135,"column":29},"skip":true},{"start":{"line":136,"column":26},"end":{"line":136,"column":54},"skip":true}]},"17":{"line":164,"type":"binary-expr","locations":[{"start":{"line":164,"column":27},"end":{"line":164,"column":43},"skip":true},{"start":{"line":164,"column":47},"end":{"line":164,"column":49},"skip":true}]},"18":{"line":258,"type":"if","locations":[{"start":{"line":258,"column":8},"end":{"line":258,"column":8},"skip":true},{"start":{"line":258,"column":8},"end":{"line":258,"column":8},"skip":true}]},"19":{"line":275,"type":"switch","locations":[{"start":{"line":276,"column":20},"end":{"line":277,"column":64},"skip":true},{"start":{"line":278,"column":20},"end":{"line":279,"column":40},"skip":true},{"start":{"line":280,"column":20},"end":{"line":281,"column":40},"skip":true},{"start":{"line":282,"column":20},"end":{"line":283,"column":39},"skip":true}]},"20":{"line":288,"type":"if","locations":[{"start":{"line":288,"column":8},"end":{"line":288,"column":8},"skip":true},{"start":{"line":288,"column":8},"end":{"line":288,"column":8},"skip":true}]},"21":{"line":288,"type":"binary-expr","locations":[{"start":{"line":288,"column":12},"end":{"line":288,"column":40},"skip":true},{"start":{"line":288,"column":44},"end":{"line":288,"column":67},"skip":true}]},"22":{"line":292,"type":"binary-expr","locations":[{"start":{"line":292,"column":12},"end":{"line":292,"column":50},"skip":true},{"start":{"line":293,"column":12},"end":{"line":293,"column":53},"skip":true}]},"23":{"line":297,"type":"binary-expr","locations":[{"start":{"line":297,"column":12},"end":{"line":297,"column":66},"skip":true},{"start":{"line":298,"column":12},"end":{"line":301,"column":36},"skip":true}]},"24":{"line":303,"type":"binary-expr","locations":[{"start":{"line":303,"column":43},"end":{"line":303,"column":75},"skip":true},{"start":{"line":303,"column":79},"end":{"line":303,"column":81},"skip":true}]},"25":{"line":306,"type":"if","locations":[{"start":{"line":306,"column":8},"end":{"line":306,"column":8},"skip":true},{"start":{"line":306,"column":8},"end":{"line":306,"column":8},"skip":true}]},"26":{"line":310,"type":"if","locations":[{"start":{"line":310,"column":8},"end":{"line":310,"column":8},"skip":true},{"start":{"line":310,"column":8},"end":{"line":310,"column":8},"skip":true}]},"27":{"line":313,"type":"binary-expr","locations":[{"start":{"line":313,"column":27},"end":{"line":313,"column":43},"skip":true},{"start":{"line":313,"column":47},"end":{"line":313,"column":53},"skip":true}]},"28":{"line":317,"type":"if","locations":[{"start":{"line":317,"column":12},"end":{"line":317,"column":12},"skip":true},{"start":{"line":317,"column":12},"end":{"line":317,"column":12},"skip":true}]}},"code":["/*","example.js","","quickstart example","","instruction","    1. save this script as example.js","    2. run the shell command:","        $ npm install npmtest-node-jvm && PORT=8081 node example.js","    3. play with the browser-demo on http://127.0.0.1:8081","*/","","","","/* istanbul instrument in package npmtest_node_jvm */","/*jslint","    bitwise: true,","    browser: true,","    maxerr: 8,","    maxlen: 96,","    node: true,","    nomen: true,","    regexp: true,","    stupid: true","*/","(function () {","    'use strict';","    var local;","","","","    // run shared js-env code - pre-init","    (function () {","        // init local","        local = {};","        // init modeJs","        local.modeJs = (function () {","            try {","                return typeof navigator.userAgent === 'string' &&","                    typeof document.querySelector('body') === 'object' &&","                    typeof XMLHttpRequest.prototype.open === 'function' &&","                    'browser';","            } catch (errorCaughtBrowser) {","                return module.exports &&","                    typeof process.versions.node === 'string' &&","                    typeof require('http').createServer === 'function' &&","                    'node';","            }","        }());","        // init global","        local.global = local.modeJs === 'browser'","            ? window","            : global;","        // init utility2_rollup","        local = local.global.utility2_rollup || (local.modeJs === 'browser'","            ? local.global.utility2_npmtest_node_jvm","            : global.utility2_moduleExports);","        // export local","        local.global.local = local;","    }());","    switch (local.modeJs) {","","","","    // post-init","    // run browser js-env code - post-init","    /* istanbul ignore next */","    case 'browser':","        local.testRunBrowser = function (event) {","            if (!event || (event &&","                    event.currentTarget &&","                    event.currentTarget.className &&","                    event.currentTarget.className.includes &&","                    event.currentTarget.className.includes('onreset'))) {","                // reset output","                Array.from(","                    document.querySelectorAll('body > .resettable')","                ).forEach(function (element) {","                    switch (element.tagName) {","                    case 'INPUT':","                    case 'TEXTAREA':","                        element.value = '';","                        break;","                    default:","                        element.textContent = '';","                    }","                });","            }","            switch (event && event.currentTarget && event.currentTarget.id) {","            case 'testRunButton1':","                // show tests","                if (document.querySelector('#testReportDiv1').style.display === 'none') {","                    document.querySelector('#testReportDiv1').style.display = 'block';","                    document.querySelector('#testRunButton1').textContent =","                        'hide internal test';","                    local.modeTest = true;","                    local.testRunDefault(local);","                // hide tests","                } else {","                    document.querySelector('#testReportDiv1').style.display = 'none';","                    document.querySelector('#testRunButton1').textContent = 'run internal test';","                }","                break;","            // custom-case","            default:","                break;","            }","            if (document.querySelector('#inputTextareaEval1') && (!event || (event &&","                    event.currentTarget &&","                    event.currentTarget.className &&","                    event.currentTarget.className.includes &&","                    event.currentTarget.className.includes('oneval')))) {","                // try to eval input-code","                try {","                    /*jslint evil: true*/","                    eval(document.querySelector('#inputTextareaEval1').value);","                } catch (errorCaught) {","                    console.error(errorCaught);","                }","            }","        };","        // log stderr and stdout to #outputTextareaStdout1","        ['error', 'log'].forEach(function (key) {","            console[key + '_original'] = console[key];","            console[key] = function () {","                var element;","                console[key + '_original'].apply(console, arguments);","                element = document.querySelector('#outputTextareaStdout1');","                if (!element) {","                    return;","                }","                // append text to #outputTextareaStdout1","                element.value += Array.from(arguments).map(function (arg) {","                    return typeof arg === 'string'","                        ? arg","                        : JSON.stringify(arg, null, 4);","                }).join(' ') + '\\n';","                // scroll textarea to bottom","                element.scrollTop = element.scrollHeight;","            };","        });","        // init event-handling","        ['change', 'click', 'keyup'].forEach(function (event) {","            Array.from(document.querySelectorAll('.on' + event)).forEach(function (element) {","                element.addEventListener(event, local.testRunBrowser);","            });","        });","        // run tests","        local.testRunBrowser();","        break;","","","","    // run node js-env code - post-init","    /* istanbul ignore next */","    case 'node':","        // export local","        module.exports = local;","        // require modules","        local.fs = require('fs');","        local.http = require('http');","        local.url = require('url');","        // init assets","        local.assetsDict = local.assetsDict || {};","        /* jslint-ignore-begin */","        local.assetsDict['/assets.index.template.html'] = '\\","<!doctype html>\\n\\","<html lang=\"en\">\\n\\","<head>\\n\\","<meta charset=\"UTF-8\">\\n\\","<meta name=\"viewport\" content=\"width=device-width, initial-scale=1\">\\n\\","<title>{{env.npm_package_name}} (v{{env.npm_package_version}})</title>\\n\\","<style>\\n\\","/*csslint\\n\\","    box-sizing: false,\\n\\","    universal-selector: false\\n\\","*/\\n\\","* {\\n\\","    box-sizing: border-box;\\n\\","}\\n\\","body {\\n\\","    background: #dde;\\n\\","    font-family: Arial, Helvetica, sans-serif;\\n\\","    margin: 2rem;\\n\\","}\\n\\","body > * {\\n\\","    margin-bottom: 1rem;\\n\\","}\\n\\",".utility2FooterDiv {\\n\\","    margin-top: 20px;\\n\\","    text-align: center;\\n\\","}\\n\\","</style>\\n\\","<style>\\n\\","/*csslint\\n\\","*/\\n\\","textarea {\\n\\","    font-family: monospace;\\n\\","    height: 10rem;\\n\\","    width: 100%;\\n\\","}\\n\\","textarea[readonly] {\\n\\","    background: #ddd;\\n\\","}\\n\\","</style>\\n\\","</head>\\n\\","<body>\\n\\","<!-- utility2-comment\\n\\","<div id=\"ajaxProgressDiv1\" style=\"background: #d00; height: 2px; left: 0; margin: 0; padding: 0; position: fixed; top: 0; transition: background 0.5s, width 1.5s; width: 25%;\"></div>\\n\\","utility2-comment -->\\n\\","<h1>\\n\\","<!-- utility2-comment\\n\\","    <a\\n\\","        {{#if env.npm_package_homepage}}\\n\\","        href=\"{{env.npm_package_homepage}}\"\\n\\","        {{/if env.npm_package_homepage}}\\n\\","        target=\"_blank\"\\n\\","    >\\n\\","utility2-comment -->\\n\\","        {{env.npm_package_name}} (v{{env.npm_package_version}})\\n\\","<!-- utility2-comment\\n\\","    </a>\\n\\","utility2-comment -->\\n\\","</h1>\\n\\","<h3>{{env.npm_package_description}}</h3>\\n\\","<!-- utility2-comment\\n\\","<h4><a download href=\"assets.app.js\">download standalone app</a></h4>\\n\\","<button class=\"onclick onreset\" id=\"testRunButton1\">run internal test</button><br>\\n\\","<div id=\"testReportDiv1\" style=\"display: none;\"></div>\\n\\","utility2-comment -->\\n\\","\\n\\","\\n\\","\\n\\","<label>stderr and stdout</label>\\n\\","<textarea class=\"resettable\" id=\"outputTextareaStdout1\" readonly></textarea>\\n\\","<!-- utility2-comment\\n\\","{{#if isRollup}}\\n\\","<script src=\"assets.app.js\"></script>\\n\\","{{#unless isRollup}}\\n\\","utility2-comment -->\\n\\","<script src=\"assets.utility2.rollup.js\"></script>\\n\\","<script src=\"jsonp.utility2._stateInit?callback=window.utility2._stateInit\"></script>\\n\\","<script src=\"assets.npmtest_node_jvm.rollup.js\"></script>\\n\\","<script src=\"assets.example.js\"></script>\\n\\","<script src=\"assets.test.js\"></script>\\n\\","<!-- utility2-comment\\n\\","{{/if isRollup}}\\n\\","utility2-comment -->\\n\\","<div class=\"utility2FooterDiv\">\\n\\","    [ this app was created with\\n\\","    <a href=\"https://github.com/kaizhu256/node-utility2\" target=\"_blank\">utility2</a>\\n\\","    ]\\n\\","</div>\\n\\","</body>\\n\\","</html>\\n\\","';","        /* jslint-ignore-end */","        if (local.templateRender) {","            local.assetsDict['/'] = local.templateRender(","                local.assetsDict['/assets.index.template.html'],","                {","                    env: local.objectSetDefault(local.env, {","                        npm_package_description: 'the greatest app in the world!',","                        npm_package_name: 'my-app',","                        npm_package_nameAlias: 'my_app',","                        npm_package_version: '0.0.1'","                    })","                }","            );","        } else {","            local.assetsDict['/'] = local.assetsDict['/assets.index.template.html']","                .replace((/\\{\\{env\\.(\\w+?)\\}\\}/g), function (match0, match1) {","                    // jslint-hack","                    String(match0);","                    switch (match1) {","                    case 'npm_package_description':","                        return 'the greatest app in the world!';","                    case 'npm_package_name':","                        return 'my-app';","                    case 'npm_package_nameAlias':","                        return 'my_app';","                    case 'npm_package_version':","                        return '0.0.1';","                    }","                });","        }","        // run the cli","        if (local.global.utility2_rollup || module !== require.main) {","            break;","        }","        local.assetsDict['/assets.example.js'] =","            local.assetsDict['/assets.example.js'] ||","            local.fs.readFileSync(__filename, 'utf8');","        // bug-workaround - long $npm_package_buildCustomOrg","        /* jslint-ignore-begin */","        local.assetsDict['/assets.npmtest_node_jvm.rollup.js'] =","            local.assetsDict['/assets.npmtest_node_jvm.rollup.js'] ||","            local.fs.readFileSync(","                local.npmtest_node_jvm.__dirname + '/lib.npmtest_node_jvm.js',","                'utf8'","            ).replace((/^#!/), '//');","        /* jslint-ignore-end */","        local.assetsDict['/favicon.ico'] = local.assetsDict['/favicon.ico'] || '';","        // if $npm_config_timeout_exit exists,","        // then exit this process after $npm_config_timeout_exit ms","        if (Number(process.env.npm_config_timeout_exit)) {","            setTimeout(process.exit, Number(process.env.npm_config_timeout_exit));","        }","        // start server","        if (local.global.utility2_serverHttp1) {","            break;","        }","        process.env.PORT = process.env.PORT || '8081';","        console.error('server starting on port ' + process.env.PORT);","        local.http.createServer(function (request, response) {","            request.urlParsed = local.url.parse(request.url);","            if (local.assetsDict[request.urlParsed.pathname] !== undefined) {","                response.end(local.assetsDict[request.urlParsed.pathname]);","                return;","            }","            response.statusCode = 404;","            response.end();","        }).listen(process.env.PORT);","        break;","    }","}());",""],"l":{"26":2,"28":2,"33":2,"35":2,"37":2,"38":2,"39":2,"44":1,"51":2,"55":2,"59":2,"61":2,"69":1,"70":2,"76":2,"79":2,"82":2,"83":2,"85":1,"89":2,"92":1,"93":1,"94":1,"96":1,"97":1,"100":1,"101":1,"103":1,"106":1,"108":2,"114":1,"116":1,"118":1,"123":1,"124":2,"125":2,"126":3,"127":3,"128":3,"129":3,"130":1,"133":3,"134":3,"139":3,"143":1,"144":3,"145":1,"149":1,"150":1,"158":1,"160":1,"161":1,"162":1,"164":1,"166":1,"258":1,"259":1,"271":1,"274":6,"275":6,"277":1,"279":2,"281":1,"283":2,"288":1,"289":1,"291":1,"296":1,"303":1,"306":1,"307":1,"310":1,"311":1,"313":1,"314":1,"315":1,"316":1,"317":1,"318":1,"319":1,"321":1,"322":1,"324":1}},"/home/travis/build/npmtest/node-npmtest-node-jvm/node_modules/node-jvm/index.js":{"path":"/home/travis/build/npmtest/node-npmtest-node-jvm/node_modules/node-jvm/index.js","s":{"1":1},"b":{},"f":{},"fnMap":{},"statementMap":{"1":{"start":{"line":1,"column":0},"end":{"line":1,"column":42}}},"branchMap":{},"code":["module.exports = require(\"./libs/jvm.js\");"],"l":{"1":1}},"/home/travis/build/npmtest/node-npmtest-node-jvm/node_modules/node-jvm/libs/jvm.js":{"path":"/home/travis/build/npmtest/node-npmtest-node-jvm/node_modules/node-jvm/libs/jvm.js","s":{"1":1,"2":1,"3":1,"4":1,"5":1,"6":1,"7":1,"8":1,"9":1,"10":1,"11":1,"12":1,"13":0,"14":0,"15":0,"16":0,"17":0,"18":0,"19":0,"20":0,"21":0,"22":0,"23":1,"24":1,"25":0,"26":1,"27":0,"28":1,"29":0,"30":1,"31":0,"32":1,"33":0,"34":0,"35":0,"36":0,"37":0,"38":0,"39":0,"40":0,"41":0,"42":0,"43":0,"44":1,"45":0,"46":1,"47":0,"48":1,"49":0,"50":0,"51":0,"52":0,"53":0,"54":0,"55":0,"56":0,"57":0,"58":0,"59":0,"60":0,"61":0},"b":{"1":[0,0],"2":[0,0],"3":[0,0],"4":[0,0],"5":[0,0],"6":[0,0]},"f":{"1":0,"2":0,"3":0,"4":0,"5":0,"6":0,"7":0,"8":0,"9":0,"10":0,"11":0,"12":0,"13":0},"fnMap":{"1":{"name":"(anonymous_1)","line":21,"loc":{"start":{"line":21,"column":27},"end":{"line":21,"column":38}}},"2":{"name":"(anonymous_2)","line":43,"loc":{"start":{"line":43,"column":39},"end":{"line":43,"column":59}}},"3":{"name":"(anonymous_3)","line":47,"loc":{"start":{"line":47,"column":40},"end":{"line":47,"column":61}}},"4":{"name":"(anonymous_4)","line":51,"loc":{"start":{"line":51,"column":28},"end":{"line":51,"column":44}}},"5":{"name":"(anonymous_5)","line":55,"loc":{"start":{"line":55,"column":30},"end":{"line":55,"column":49}}},"6":{"name":"(anonymous_6)","line":59,"loc":{"start":{"line":59,"column":31},"end":{"line":59,"column":49}}},"7":{"name":"(anonymous_7)","line":63,"loc":{"start":{"line":63,"column":18},"end":{"line":63,"column":33}}},"8":{"name":"(anonymous_8)","line":76,"loc":{"start":{"line":76,"column":27},"end":{"line":76,"column":46}}},"9":{"name":"(anonymous_9)","line":80,"loc":{"start":{"line":80,"column":28},"end":{"line":80,"column":47}}},"10":{"name":"(anonymous_10)","line":84,"loc":{"start":{"line":84,"column":20},"end":{"line":84,"column":31}}},"11":{"name":"(anonymous_11)","line":94,"loc":{"start":{"line":94,"column":30},"end":{"line":94,"column":45}}},"12":{"name":"(anonymous_12)","line":95,"loc":{"start":{"line":95,"column":19},"end":{"line":95,"column":30}}},"13":{"name":"(anonymous_13)","line":96,"loc":{"start":{"line":96,"column":30},"end":{"line":96,"column":41}}}},"statementMap":{"1":{"start":{"line":6,"column":0},"end":{"line":6,"column":27}},"2":{"start":{"line":7,"column":0},"end":{"line":7,"column":23}},"3":{"start":{"line":8,"column":0},"end":{"line":8,"column":27}},"4":{"start":{"line":9,"column":0},"end":{"line":9,"column":40}},"5":{"start":{"line":11,"column":0},"end":{"line":11,"column":46}},"6":{"start":{"line":13,"column":0},"end":{"line":13,"column":35}},"7":{"start":{"line":14,"column":0},"end":{"line":14,"column":35}},"8":{"start":{"line":15,"column":0},"end":{"line":15,"column":39}},"9":{"start":{"line":16,"column":0},"end":{"line":16,"column":33}},"10":{"start":{"line":18,"column":0},"end":{"line":18,"column":35}},"11":{"start":{"line":19,"column":0},"end":{"line":19,"column":33}},"12":{"start":{"line":21,"column":0},"end":{"line":39,"column":1}},"13":{"start":{"line":22,"column":4},"end":{"line":38,"column":5}},"14":{"start":{"line":23,"column":8},"end":{"line":23,"column":30}},"15":{"start":{"line":24,"column":8},"end":{"line":24,"column":44}},"16":{"start":{"line":25,"column":8},"end":{"line":25,"column":49}},"17":{"start":{"line":26,"column":8},"end":{"line":26,"column":49}},"18":{"start":{"line":27,"column":8},"end":{"line":27,"column":53}},"19":{"start":{"line":28,"column":8},"end":{"line":28,"column":43}},"20":{"start":{"line":30,"column":8},"end":{"line":30,"column":40}},"21":{"start":{"line":32,"column":8},"end":{"line":35,"column":10}},"22":{"start":{"line":37,"column":8},"end":{"line":37,"column":25}},"23":{"start":{"line":41,"column":0},"end":{"line":41,"column":23}},"24":{"start":{"line":43,"column":0},"end":{"line":45,"column":1}},"25":{"start":{"line":44,"column":4},"end":{"line":44,"column":42}},"26":{"start":{"line":47,"column":0},"end":{"line":49,"column":1}},"27":{"start":{"line":48,"column":4},"end":{"line":48,"column":44}},"28":{"start":{"line":51,"column":0},"end":{"line":53,"column":1}},"29":{"start":{"line":52,"column":4},"end":{"line":52,"column":27}},"30":{"start":{"line":55,"column":0},"end":{"line":57,"column":1}},"31":{"start":{"line":56,"column":4},"end":{"line":56,"column":43}},"32":{"start":{"line":59,"column":0},"end":{"line":74,"column":1}},"33":{"start":{"line":60,"column":4},"end":{"line":60,"column":20}},"34":{"start":{"line":61,"column":4},"end":{"line":61,"column":29}},"35":{"start":{"line":62,"column":4},"end":{"line":62,"column":40}},"36":{"start":{"line":63,"column":4},"end":{"line":73,"column":7}},"37":{"start":{"line":64,"column":8},"end":{"line":64,"column":52}},"38":{"start":{"line":65,"column":8},"end":{"line":65,"column":34}},"39":{"start":{"line":66,"column":8},"end":{"line":72,"column":9}},"40":{"start":{"line":67,"column":12},"end":{"line":69,"column":13}},"41":{"start":{"line":68,"column":16},"end":{"line":68,"column":38}},"42":{"start":{"line":70,"column":15},"end":{"line":72,"column":9}},"43":{"start":{"line":71,"column":12},"end":{"line":71,"column":35}},"44":{"start":{"line":76,"column":0},"end":{"line":78,"column":1}},"45":{"start":{"line":77,"column":4},"end":{"line":77,"column":40}},"46":{"start":{"line":80,"column":0},"end":{"line":82,"column":1}},"47":{"start":{"line":81,"column":4},"end":{"line":81,"column":41}},"48":{"start":{"line":84,"column":0},"end":{"line":107,"column":1}},"49":{"start":{"line":85,"column":4},"end":{"line":85,"column":20}},"50":{"start":{"line":87,"column":4},"end":{"line":87,"column":21}},"51":{"start":{"line":89,"column":4},"end":{"line":89,"column":98}},"52":{"start":{"line":90,"column":4},"end":{"line":92,"column":5}},"53":{"start":{"line":91,"column":8},"end":{"line":91,"column":60}},"54":{"start":{"line":94,"column":4},"end":{"line":106,"column":7}},"55":{"start":{"line":95,"column":8},"end":{"line":104,"column":10}},"56":{"start":{"line":96,"column":12},"end":{"line":103,"column":15}},"57":{"start":{"line":97,"column":16},"end":{"line":102,"column":17}},"58":{"start":{"line":98,"column":20},"end":{"line":98,"column":38}},"59":{"start":{"line":99,"column":20},"end":{"line":99,"column":44}},"60":{"start":{"line":101,"column":20},"end":{"line":101,"column":27}},"61":{"start":{"line":105,"column":8},"end":{"line":105,"column":15}}},"branchMap":{"1":{"line":22,"type":"if","locations":[{"start":{"line":22,"column":4},"end":{"line":22,"column":4}},{"start":{"line":22,"column":4},"end":{"line":22,"column":4}}]},"2":{"line":66,"type":"if","locations":[{"start":{"line":66,"column":8},"end":{"line":66,"column":8}},{"start":{"line":66,"column":8},"end":{"line":66,"column":8}}]},"3":{"line":67,"type":"if","locations":[{"start":{"line":67,"column":12},"end":{"line":67,"column":12}},{"start":{"line":67,"column":12},"end":{"line":67,"column":12}}]},"4":{"line":70,"type":"if","locations":[{"start":{"line":70,"column":15},"end":{"line":70,"column":15}},{"start":{"line":70,"column":15},"end":{"line":70,"column":15}}]},"5":{"line":90,"type":"if","locations":[{"start":{"line":90,"column":4},"end":{"line":90,"column":4}},{"start":{"line":90,"column":4},"end":{"line":90,"column":4}}]},"6":{"line":97,"type":"if","locations":[{"start":{"line":97,"column":16},"end":{"line":97,"column":16}},{"start":{"line":97,"column":16},"end":{"line":97,"column":16}}]}},"code":["/*"," node-jvm"," Copyright (c) 2013 Yaroslav Gaponov <yaroslav.gaponov@gmail.com>","*/","","var util = require(\"util\");","var fs = require(\"fs\");","var path = require(\"path\");","var EE = require(\"events\").EventEmitter;","","var globalizer = require(\"./util/globalizer\");","","var Classes = require(\"./classes\");","var Threads = require(\"./threads\");","var Scheduler = require(\"./scheduler\");","var Logger = require(\"./logger\");","","var OPCODES = require(\"./opcodes\");","var Thread = require(\"./thread\");","","var JVM = module.exports = function() {","    if (this instanceof JVM) {","        JVM.super_.call(this);","        globalizer.add(\"LOG\", new Logger());","        globalizer.add(\"CLASSES\", new Classes());","        globalizer.add(\"THREADS\", new Threads());","        globalizer.add(\"SCHEDULER\", new Scheduler());","        globalizer.add(\"OPCODES\", OPCODES);","        ","        THREADS.add(new Thread(\"main\"));","        ","        this.entryPoint = {","            className: null,","            methodName: \"main\"","        };","    } else {","        return new JVM();","    }","}","","util.inherits(JVM, EE);","","JVM.prototype.setEntryPointClassName = function(className) {","    this.entryPoint.className = className;","}","","JVM.prototype.setEntryPointMethodName = function(methodName) {","    this.entryPoint.methodName = methodName;","}","","JVM.prototype.setLogLevel = function(level) {","    LOG.setLogLevel(level);","}","","JVM.prototype.loadClassFile = function(fileName) {","    return CLASSES.loadClassFile(fileName);","}","","JVM.prototype.loadClassFiles = function(dirName) {","    var self = this;","    CLASSES.addPath(dirName);","    var files = fs.readdirSync(dirName);","    files.forEach(function(file) {","        var p = util.format(\"%s/%s\", dirName, file);","        var stat = fs.statSync(p);","        if (stat.isFile()) {","            if (path.extname(file) === \".class\") {","                self.loadClassFile(p);","            }","        } else if (stat.isDirectory()) {","            self.loadClassFiles(p);","        }","    });","}","","JVM.prototype.loadJSFile = function(fileName) {","    return CLASSES.loadJSFile(fileName);","}","","JVM.prototype.loadJarFile = function(fileName) {","    return CLASSES.loadJarFile(fileName);","}","","JVM.prototype.run = function() {","    var self = this;","    ","    CLASSES.clinit();","    ","    var entryPoint = CLASSES.getEntryPoint(this.entryPoint.className, this.entryPoint.methodName);","    if (!entryPoint) {","        throw new Error(\"Entry point method is not found.\");","    }","        ","    entryPoint.run(arguments, function(code) {","        var exit = function() {","            SCHEDULER.tick(0, function() {","                if (THREADS.count() === 1) {","                    THREADS.remove(0);","                    self.emit(\"exit\", code);","                } else {","                    exit();","                }","            });","        };","        exit();","    });","}","",""],"l":{"6":1,"7":1,"8":1,"9":1,"11":1,"13":1,"14":1,"15":1,"16":1,"18":1,"19":1,"21":1,"22":0,"23":0,"24":0,"25":0,"26":0,"27":0,"28":0,"30":0,"32":0,"37":0,"41":1,"43":1,"44":0,"47":1,"48":0,"51":1,"52":0,"55":1,"56":0,"59":1,"60":0,"61":0,"62":0,"63":0,"64":0,"65":0,"66":0,"67":0,"68":0,"70":0,"71":0,"76":1,"77":0,"80":1,"81":0,"84":1,"85":0,"87":0,"89":0,"90":0,"91":0,"94":0,"95":0,"96":0,"97":0,"98":0,"99":0,"101":0,"105":0}},"/home/travis/build/npmtest/node-npmtest-node-jvm/node_modules/node-jvm/libs/util/globalizer.js":{"path":"/home/travis/build/npmtest/node-npmtest-node-jvm/node_modules/node-jvm/libs/util/globalizer.js","s":{"1":1,"2":0,"3":1,"4":0},"b":{},"f":{"1":0,"2":0},"fnMap":{"1":{"name":"(anonymous_1)","line":6,"loc":{"start":{"line":6,"column":21},"end":{"line":6,"column":41}}},"2":{"name":"(anonymous_2)","line":10,"loc":{"start":{"line":10,"column":24},"end":{"line":10,"column":39}}}},"statementMap":{"1":{"start":{"line":6,"column":0},"end":{"line":8,"column":1}},"2":{"start":{"line":7,"column":4},"end":{"line":7,"column":23}},"3":{"start":{"line":10,"column":0},"end":{"line":12,"column":1}},"4":{"start":{"line":11,"column":4},"end":{"line":11,"column":24}}},"branchMap":{},"code":["/*"," node-jvm"," Copyright (c) 2013 Yaroslav Gaponov <yaroslav.gaponov@gmail.com>","*/","","module.exports.add = function(name, obj) {","    global[name] = obj;","}","","module.exports.remove = function(name) {","    delete global[name];","}"],"l":{"6":1,"7":0,"10":1,"11":0}},"/home/travis/build/npmtest/node-npmtest-node-jvm/node_modules/node-jvm/libs/classes.js":{"path":"/home/travis/build/npmtest/node-npmtest-node-jvm/node_modules/node-jvm/libs/classes.js","s":{"1":1,"2":1,"3":1,"4":1,"5":1,"6":1,"7":1,"8":0,"9":0,"10":0,"11":0,"12":0,"13":1,"14":0,"15":0,"16":1,"17":0,"18":0,"19":0,"20":0,"21":0,"22":0,"23":0,"24":0,"25":1,"26":0,"27":0,"28":0,"29":1,"30":0,"31":0,"32":0,"33":0,"34":0,"35":0,"36":0,"37":0,"38":1,"39":0,"40":0,"41":0,"42":0,"43":1,"44":0,"45":0,"46":0,"47":0,"48":0,"49":0,"50":0,"51":0,"52":0,"53":0,"54":0,"55":0,"56":0,"57":0,"58":0,"59":0,"60":0,"61":0,"62":0,"63":0,"64":1,"65":0,"66":0,"67":0,"68":0,"69":0,"70":0,"71":0,"72":0,"73":0,"74":0,"75":1,"76":0,"77":0,"78":0,"79":0,"80":0,"81":0,"82":0,"83":0,"84":0,"85":0,"86":1,"87":0,"88":1,"89":0,"90":1,"91":0,"92":0,"93":0,"94":0,"95":0,"96":0,"97":0,"98":0,"99":0,"100":0,"101":0,"102":0,"103":1,"104":0,"105":0,"106":0,"107":0,"108":0,"109":0,"110":0,"111":0,"112":0,"113":0,"114":0,"115":0,"116":0,"117":1,"118":0,"119":0,"120":0,"121":0,"122":0,"123":0,"124":0,"125":0,"126":0,"127":0,"128":0,"129":0,"130":0,"131":0,"132":0,"133":0,"134":0,"135":1,"136":0,"137":0,"138":0},"b":{"1":[0,0],"2":[0,0],"3":[0,0],"4":[0,0],"5":[0,0],"6":[0,0],"7":[0,0],"8":[0,0],"9":[0,0],"10":[0,0],"11":[0,0],"12":[0,0],"13":[0,0],"14":[0,0,0],"15":[0,0],"16":[0,0],"17":[0,0],"18":[0,0],"19":[0,0],"20":[0,0],"21":[0,0],"22":[0,0],"23":[0,0],"24":[0,0],"25":[0,0],"26":[0,0],"27":[0,0],"28":[0,0]},"f":{"1":0,"2":0,"3":0,"4":0,"5":0,"6":0,"7":0,"8":0,"9":0,"10":0,"11":0,"12":0,"13":0,"14":0,"15":0,"16":0,"17":0,"18":0,"19":0,"20":0,"21":0,"22":0},"fnMap":{"1":{"name":"(anonymous_1)","line":15,"loc":{"start":{"line":15,"column":31},"end":{"line":15,"column":42}}},"2":{"name":"(anonymous_2)","line":25,"loc":{"start":{"line":25,"column":28},"end":{"line":25,"column":43}}},"3":{"name":"(anonymous_3)","line":31,"loc":{"start":{"line":31,"column":27},"end":{"line":31,"column":38}}},"4":{"name":"(anonymous_4)","line":36,"loc":{"start":{"line":36,"column":27},"end":{"line":36,"column":38}}},"5":{"name":"(anonymous_5)","line":38,"loc":{"start":{"line":38,"column":31},"end":{"line":38,"column":42}}},"6":{"name":"(anonymous_6)","line":46,"loc":{"start":{"line":46,"column":35},"end":{"line":46,"column":51}}},"7":{"name":"(anonymous_7)","line":52,"loc":{"start":{"line":52,"column":34},"end":{"line":52,"column":53}}},"8":{"name":"(anonymous_8)","line":65,"loc":{"start":{"line":65,"column":31},"end":{"line":65,"column":50}}},"9":{"name":"(anonymous_9)","line":72,"loc":{"start":{"line":72,"column":32},"end":{"line":72,"column":51}}},"10":{"name":"(anonymous_10)","line":82,"loc":{"start":{"line":82,"column":23},"end":{"line":82,"column":42}}},"11":{"name":"(anonymous_11)","line":92,"loc":{"start":{"line":92,"column":24},"end":{"line":92,"column":36}}},"12":{"name":"(anonymous_12)","line":107,"loc":{"start":{"line":107,"column":34},"end":{"line":107,"column":66}}},"13":{"name":"(anonymous_13)","line":130,"loc":{"start":{"line":130,"column":29},"end":{"line":130,"column":49}}},"14":{"name":"(anonymous_14)","line":147,"loc":{"start":{"line":147,"column":35},"end":{"line":147,"column":66}}},"15":{"name":"(anonymous_15)","line":151,"loc":{"start":{"line":151,"column":35},"end":{"line":151,"column":73}}},"16":{"name":"(anonymous_16)","line":155,"loc":{"start":{"line":155,"column":36},"end":{"line":155,"column":79}}},"17":{"name":"(anonymous_17)","line":173,"loc":{"start":{"line":173,"column":30},"end":{"line":173,"column":73}}},"18":{"name":"(anonymous_18)","line":192,"loc":{"start":{"line":192,"column":30},"end":{"line":192,"column":50}}},"19":{"name":"(anonymous_19)","line":196,"loc":{"start":{"line":196,"column":19},"end":{"line":196,"column":30}}},"20":{"name":"(anonymous_20)","line":204,"loc":{"start":{"line":204,"column":31},"end":{"line":204,"column":47}}},"21":{"name":"(anonymous_21)","line":209,"loc":{"start":{"line":209,"column":32},"end":{"line":209,"column":49}}},"22":{"name":"(anonymous_22)","line":222,"loc":{"start":{"line":222,"column":33},"end":{"line":222,"column":69}}}},"statementMap":{"1":{"start":{"line":6,"column":0},"end":{"line":6,"column":27}},"2":{"start":{"line":7,"column":0},"end":{"line":7,"column":23}},"3":{"start":{"line":8,"column":0},"end":{"line":8,"column":27}},"4":{"start":{"line":10,"column":0},"end":{"line":10,"column":52}},"5":{"start":{"line":11,"column":0},"end":{"line":11,"column":34}},"6":{"start":{"line":13,"column":0},"end":{"line":13,"column":57}},"7":{"start":{"line":15,"column":0},"end":{"line":23,"column":1}},"8":{"start":{"line":16,"column":4},"end":{"line":22,"column":5}},"9":{"start":{"line":17,"column":8},"end":{"line":17,"column":35}},"10":{"start":{"line":18,"column":8},"end":{"line":18,"column":26}},"11":{"start":{"line":19,"column":8},"end":{"line":19,"column":31}},"12":{"start":{"line":21,"column":8},"end":{"line":21,"column":29}},"13":{"start":{"line":25,"column":0},"end":{"line":29,"column":1}},"14":{"start":{"line":26,"column":4},"end":{"line":28,"column":5}},"15":{"start":{"line":27,"column":8},"end":{"line":27,"column":30}},"16":{"start":{"line":31,"column":0},"end":{"line":44,"column":1}},"17":{"start":{"line":32,"column":4},"end":{"line":43,"column":5}},"18":{"start":{"line":33,"column":8},"end":{"line":33,"column":44}},"19":{"start":{"line":34,"column":8},"end":{"line":34,"column":72}},"20":{"start":{"line":35,"column":8},"end":{"line":42,"column":9}},"21":{"start":{"line":36,"column":12},"end":{"line":41,"column":15}},"22":{"start":{"line":37,"column":16},"end":{"line":37,"column":65}},"23":{"start":{"line":38,"column":16},"end":{"line":40,"column":19}},"24":{"start":{"line":39,"column":20},"end":{"line":39,"column":74}},"25":{"start":{"line":46,"column":0},"end":{"line":50,"column":1}},"26":{"start":{"line":47,"column":4},"end":{"line":47,"column":41}},"27":{"start":{"line":48,"column":4},"end":{"line":48,"column":55}},"28":{"start":{"line":49,"column":4},"end":{"line":49,"column":21}},"29":{"start":{"line":52,"column":0},"end":{"line":63,"column":1}},"30":{"start":{"line":53,"column":4},"end":{"line":53,"column":46}},"31":{"start":{"line":54,"column":4},"end":{"line":54,"column":42}},"32":{"start":{"line":55,"column":4},"end":{"line":55,"column":40}},"33":{"start":{"line":56,"column":4},"end":{"line":56,"column":34}},"34":{"start":{"line":57,"column":4},"end":{"line":61,"column":5}},"35":{"start":{"line":58,"column":8},"end":{"line":60,"column":9}},"36":{"start":{"line":59,"column":12},"end":{"line":59,"column":90}},"37":{"start":{"line":62,"column":4},"end":{"line":62,"column":14}},"38":{"start":{"line":65,"column":0},"end":{"line":70,"column":1}},"39":{"start":{"line":66,"column":4},"end":{"line":66,"column":46}},"40":{"start":{"line":67,"column":4},"end":{"line":67,"column":38}},"41":{"start":{"line":68,"column":4},"end":{"line":68,"column":55}},"42":{"start":{"line":69,"column":4},"end":{"line":69,"column":21}},"43":{"start":{"line":72,"column":0},"end":{"line":105,"column":1}},"44":{"start":{"line":73,"column":4},"end":{"line":73,"column":20}},"45":{"start":{"line":75,"column":4},"end":{"line":75,"column":36}},"46":{"start":{"line":77,"column":4},"end":{"line":77,"column":35}},"47":{"start":{"line":78,"column":4},"end":{"line":78,"column":38}},"48":{"start":{"line":80,"column":4},"end":{"line":80,"column":18}},"49":{"start":{"line":82,"column":4},"end":{"line":104,"column":7}},"50":{"start":{"line":83,"column":8},"end":{"line":102,"column":9}},"51":{"start":{"line":84,"column":12},"end":{"line":101,"column":13}},"52":{"start":{"line":85,"column":16},"end":{"line":85,"column":85}},"53":{"start":{"line":86,"column":16},"end":{"line":86,"column":56}},"54":{"start":{"line":87,"column":19},"end":{"line":101,"column":13}},"55":{"start":{"line":88,"column":16},"end":{"line":88,"column":73}},"56":{"start":{"line":89,"column":16},"end":{"line":100,"column":17}},"57":{"start":{"line":90,"column":20},"end":{"line":90,"column":34}},"58":{"start":{"line":91,"column":20},"end":{"line":95,"column":22}},"59":{"start":{"line":93,"column":28},"end":{"line":93,"column":48}},"60":{"start":{"line":96,"column":20},"end":{"line":99,"column":21}},"61":{"start":{"line":97,"column":24},"end":{"line":97,"column":44}},"62":{"start":{"line":98,"column":24},"end":{"line":98,"column":30}},"63":{"start":{"line":103,"column":8},"end":{"line":103,"column":25}},"64":{"start":{"line":107,"column":0},"end":{"line":128,"column":1}},"65":{"start":{"line":108,"column":4},"end":{"line":127,"column":5}},"66":{"start":{"line":109,"column":8},"end":{"line":109,"column":36}},"67":{"start":{"line":110,"column":8},"end":{"line":126,"column":9}},"68":{"start":{"line":111,"column":12},"end":{"line":125,"column":13}},"69":{"start":{"line":112,"column":16},"end":{"line":124,"column":17}},"70":{"start":{"line":113,"column":20},"end":{"line":113,"column":50}},"71":{"start":{"line":114,"column":20},"end":{"line":114,"column":50}},"72":{"start":{"line":115,"column":20},"end":{"line":123,"column":21}},"73":{"start":{"line":116,"column":24},"end":{"line":122,"column":61}},"74":{"start":{"line":122,"column":26},"end":{"line":122,"column":59}},"75":{"start":{"line":130,"column":0},"end":{"line":145,"column":2}},"76":{"start":{"line":131,"column":4},"end":{"line":131,"column":37}},"77":{"start":{"line":132,"column":4},"end":{"line":134,"column":5}},"78":{"start":{"line":133,"column":8},"end":{"line":133,"column":18}},"79":{"start":{"line":135,"column":4},"end":{"line":143,"column":5}},"80":{"start":{"line":136,"column":8},"end":{"line":136,"column":70}},"81":{"start":{"line":137,"column":8},"end":{"line":139,"column":9}},"82":{"start":{"line":138,"column":12},"end":{"line":138,"column":53}},"83":{"start":{"line":140,"column":8},"end":{"line":142,"column":9}},"84":{"start":{"line":141,"column":12},"end":{"line":141,"column":59}},"85":{"start":{"line":144,"column":4},"end":{"line":144,"column":92}},"86":{"start":{"line":147,"column":0},"end":{"line":149,"column":1}},"87":{"start":{"line":148,"column":4},"end":{"line":148,"column":58}},"88":{"start":{"line":151,"column":0},"end":{"line":153,"column":1}},"89":{"start":{"line":152,"column":4},"end":{"line":152,"column":59}},"90":{"start":{"line":155,"column":0},"end":{"line":171,"column":2}},"91":{"start":{"line":156,"column":4},"end":{"line":156,"column":38}},"92":{"start":{"line":157,"column":4},"end":{"line":169,"column":5}},"93":{"start":{"line":158,"column":8},"end":{"line":158,"column":38}},"94":{"start":{"line":159,"column":8},"end":{"line":159,"column":38}},"95":{"start":{"line":160,"column":8},"end":{"line":164,"column":57}},"96":{"start":{"line":161,"column":12},"end":{"line":164,"column":57}},"97":{"start":{"line":162,"column":16},"end":{"line":164,"column":57}},"98":{"start":{"line":163,"column":20},"end":{"line":164,"column":57}},"99":{"start":{"line":164,"column":24},"end":{"line":164,"column":57}},"100":{"start":{"line":166,"column":8},"end":{"line":168,"column":9}},"101":{"start":{"line":167,"column":12},"end":{"line":167,"column":34}},"102":{"start":{"line":170,"column":4},"end":{"line":170,"column":16}},"103":{"start":{"line":173,"column":0},"end":{"line":190,"column":2}},"104":{"start":{"line":174,"column":4},"end":{"line":174,"column":38}},"105":{"start":{"line":175,"column":4},"end":{"line":188,"column":5}},"106":{"start":{"line":176,"column":8},"end":{"line":176,"column":38}},"107":{"start":{"line":177,"column":8},"end":{"line":177,"column":38}},"108":{"start":{"line":178,"column":8},"end":{"line":182,"column":57}},"109":{"start":{"line":179,"column":12},"end":{"line":182,"column":57}},"110":{"start":{"line":180,"column":16},"end":{"line":182,"column":57}},"111":{"start":{"line":181,"column":20},"end":{"line":182,"column":57}},"112":{"start":{"line":182,"column":24},"end":{"line":182,"column":57}},"113":{"start":{"line":184,"column":8},"end":{"line":184,"column":25}},"114":{"start":{"line":185,"column":8},"end":{"line":187,"column":9}},"115":{"start":{"line":186,"column":11},"end":{"line":186,"column":32}},"116":{"start":{"line":189,"column":4},"end":{"line":189,"column":16}},"117":{"start":{"line":192,"column":0},"end":{"line":220,"column":1}},"118":{"start":{"line":193,"column":4},"end":{"line":193,"column":38}},"119":{"start":{"line":194,"column":4},"end":{"line":219,"column":5}},"120":{"start":{"line":196,"column":8},"end":{"line":196,"column":33}},"121":{"start":{"line":197,"column":8},"end":{"line":197,"column":64}},"122":{"start":{"line":198,"column":8},"end":{"line":198,"column":27}},"123":{"start":{"line":200,"column":8},"end":{"line":200,"column":79}},"124":{"start":{"line":202,"column":8},"end":{"line":202,"column":38}},"125":{"start":{"line":204,"column":8},"end":{"line":207,"column":11}},"126":{"start":{"line":205,"column":12},"end":{"line":205,"column":55}},"127":{"start":{"line":206,"column":12},"end":{"line":206,"column":32}},"128":{"start":{"line":209,"column":8},"end":{"line":212,"column":11}},"129":{"start":{"line":210,"column":12},"end":{"line":210,"column":57}},"130":{"start":{"line":211,"column":12},"end":{"line":211,"column":50}},"131":{"start":{"line":214,"column":8},"end":{"line":214,"column":17}},"132":{"start":{"line":216,"column":8},"end":{"line":216,"column":25}},"133":{"start":{"line":217,"column":8},"end":{"line":217,"column":79}},"134":{"start":{"line":218,"column":8},"end":{"line":218,"column":17}},"135":{"start":{"line":222,"column":0},"end":{"line":226,"column":1}},"136":{"start":{"line":223,"column":4},"end":{"line":223,"column":39}},"137":{"start":{"line":224,"column":4},"end":{"line":224,"column":33}},"138":{"start":{"line":225,"column":4},"end":{"line":225,"column":14}}},"branchMap":{"1":{"line":16,"type":"if","locations":[{"start":{"line":16,"column":4},"end":{"line":16,"column":4}},{"start":{"line":16,"column":4},"end":{"line":16,"column":4}}]},"2":{"line":26,"type":"if","locations":[{"start":{"line":26,"column":4},"end":{"line":26,"column":4}},{"start":{"line":26,"column":4},"end":{"line":26,"column":4}}]},"3":{"line":35,"type":"if","locations":[{"start":{"line":35,"column":8},"end":{"line":35,"column":8}},{"start":{"line":35,"column":8},"end":{"line":35,"column":8}}]},"4":{"line":58,"type":"if","locations":[{"start":{"line":58,"column":8},"end":{"line":58,"column":8}},{"start":{"line":58,"column":8},"end":{"line":58,"column":8}}]},"5":{"line":83,"type":"if","locations":[{"start":{"line":83,"column":8},"end":{"line":83,"column":8}},{"start":{"line":83,"column":8},"end":{"line":83,"column":8}}]},"6":{"line":84,"type":"if","locations":[{"start":{"line":84,"column":12},"end":{"line":84,"column":12}},{"start":{"line":84,"column":12},"end":{"line":84,"column":12}}]},"7":{"line":87,"type":"if","locations":[{"start":{"line":87,"column":19},"end":{"line":87,"column":19}},{"start":{"line":87,"column":19},"end":{"line":87,"column":19}}]},"8":{"line":96,"type":"if","locations":[{"start":{"line":96,"column":20},"end":{"line":96,"column":20}},{"start":{"line":96,"column":20},"end":{"line":96,"column":20}}]},"9":{"line":110,"type":"if","locations":[{"start":{"line":110,"column":8},"end":{"line":110,"column":8}},{"start":{"line":110,"column":8},"end":{"line":110,"column":8}}]},"10":{"line":111,"type":"if","locations":[{"start":{"line":111,"column":12},"end":{"line":111,"column":12}},{"start":{"line":111,"column":12},"end":{"line":111,"column":12}}]},"11":{"line":111,"type":"binary-expr","locations":[{"start":{"line":111,"column":16},"end":{"line":111,"column":26}},{"start":{"line":111,"column":31},"end":{"line":111,"column":62}}]},"12":{"line":112,"type":"if","locations":[{"start":{"line":112,"column":16},"end":{"line":112,"column":16}},{"start":{"line":112,"column":16},"end":{"line":112,"column":16}}]},"13":{"line":116,"type":"if","locations":[{"start":{"line":116,"column":24},"end":{"line":116,"column":24}},{"start":{"line":116,"column":24},"end":{"line":116,"column":24}}]},"14":{"line":118,"type":"binary-expr","locations":[{"start":{"line":118,"column":25},"end":{"line":118,"column":71}},{"start":{"line":119,"column":25},"end":{"line":119,"column":71}},{"start":{"line":120,"column":25},"end":{"line":120,"column":71}}]},"15":{"line":132,"type":"if","locations":[{"start":{"line":132,"column":4},"end":{"line":132,"column":4}},{"start":{"line":132,"column":4},"end":{"line":132,"column":4}}]},"16":{"line":137,"type":"if","locations":[{"start":{"line":137,"column":8},"end":{"line":137,"column":8}},{"start":{"line":137,"column":8},"end":{"line":137,"column":8}}]},"17":{"line":140,"type":"if","locations":[{"start":{"line":140,"column":8},"end":{"line":140,"column":8}},{"start":{"line":140,"column":8},"end":{"line":140,"column":8}}]},"18":{"line":157,"type":"if","locations":[{"start":{"line":157,"column":4},"end":{"line":157,"column":4}},{"start":{"line":157,"column":4},"end":{"line":157,"column":4}}]},"19":{"line":161,"type":"if","locations":[{"start":{"line":161,"column":12},"end":{"line":161,"column":12}},{"start":{"line":161,"column":12},"end":{"line":161,"column":12}}]},"20":{"line":162,"type":"if","locations":[{"start":{"line":162,"column":16},"end":{"line":162,"column":16}},{"start":{"line":162,"column":16},"end":{"line":162,"column":16}}]},"21":{"line":163,"type":"if","locations":[{"start":{"line":163,"column":20},"end":{"line":163,"column":20}},{"start":{"line":163,"column":20},"end":{"line":163,"column":20}}]},"22":{"line":166,"type":"if","locations":[{"start":{"line":166,"column":8},"end":{"line":166,"column":8}},{"start":{"line":166,"column":8},"end":{"line":166,"column":8}}]},"23":{"line":175,"type":"if","locations":[{"start":{"line":175,"column":4},"end":{"line":175,"column":4}},{"start":{"li
[...]
n":4},"end":{"line":10,"column":4}},{"start":{"line":10,"column":4},"end":{"line":10,"column":4}}]},"2":{"line":11,"type":"if","locations":[{"start":{"line":11,"column":8},"end":{"line":11,"column":8}},{"start":{"line":11,"column":8},"end":{"line":11,"column":8}}]},"3":{"line":14,"type":"binary-expr","locations":[{"start":{"line":14,"column":24},"end":{"line":14,"column":25}},{"start":{"line":14,"column":29},"end":{"line":14,"column":31}}]}},"code":["/*"," node-jvm"," Copyright (c) 2013 Yaroslav Gaponov <yaroslav.gaponov@gmail.com>","*/","","var util = require(\"util\");","var Object = require(\"./Object.js\");","","var StringBuilder = module.exports = function(p) {","    if (this instanceof StringBuilder) {","        if (typeof p === \"number\") {","            this._buf = new Array(p).join(' ');","        } else {","            this._buf = p || \"\";","        }","    } else {","        return new StringBuilder(p);","    }","}","","util.inherits(StringBuilder, Object);","","StringBuilder.getClassName = function() {","    return \"java/lang/StringBuilder\";","}"," ","","StringBuilder.prototype[\"<init>\"] = function() {","    for(var i=0; i<arguments.length; i++) {","        this._buf += arguments[i].toString();","    }","    return this;","}","","StringBuilder.prototype[\"append\"] = function() {","    for(var i=0; i<arguments.length; i++) {","        this._buf += arguments[i].toString();","    }","    return this;","}","","StringBuilder.prototype[\"toString\"] = function() {","    return this._buf.toString();","}"],"l":{"6":1,"7":1,"9":1,"10":0,"11":0,"12":0,"14":0,"17":0,"21":1,"23":1,"24":0,"28":1,"29":0,"30":0,"32":0,"35":1,"36":0,"37":0,"39":0,"42":1,"43":0}},"/home/travis/build/npmtest/node-npmtest-node-jvm/node_modules/node-jvm/libs/java/lang/StringIndexOutOfBoundsException.js":{"path":"/home/travis/build/npmtest/node-npmtest-node-jvm/node_modules/node-jvm/libs/java/lang/StringIndexOutOfBoundsException.js","s":{"1":2,"2":2,"3":2,"4":0,"5":0,"6":0,"7":2,"8":0,"9":0},"b":{"1":[0,0]},"f":{"1":0,"2":0},"fnMap":{"1":{"name":"(anonymous_1)","line":9,"loc":{"start":{"line":9,"column":55},"end":{"line":9,"column":66}}},"2":{"name":"(anonymous_2)","line":19,"loc":{"start":{"line":19,"column":47},"end":{"line":19,"column":58}}}},"statementMap":{"1":{"start":{"line":6,"column":0},"end":{"line":6,"column":27}},"2":{"start":{"line":7,"column":0},"end":{"line":7,"column":56}},"3":{"start":{"line":9,"column":0},"end":{"line":15,"column":1}},"4":{"start":{"line":10,"column":4},"end":{"line":14,"column":5}},"5":{"start":{"line":11,"column":8},"end":{"line":11,"column":45}},"6":{"start":{"line":13,"column":8},"end":{"line":13,"column":53}},"7":{"start":{"line":17,"column":0},"end":{"line":17,"column":74}},"8":{"start":{"line":19,"column":0},"end":{"line":21,"column":1}},"9":{"start":{"line":20,"column":4},"end":{"line":20,"column":55}}},"branchMap":{"1":{"line":10,"type":"if","locations":[{"start":{"line":10,"column":4},"end":{"line":10,"column":4}},{"start":{"line":10,"column":4},"end":{"line":10,"column":4}}]}},"code":["/*"," node-jvm"," Copyright (c) 2013 Yaroslav Gaponov <yaroslav.gaponov@gmail.com>","*/","","var util = require(\"util\");","var RuntimeException = require(\"./RuntimeException.js\");","","var StringIndexOutOfBoundsException = module.exports = function() {","    if (this instanceof IndexOutOfBoundsException) {","        IndexOutOfBoundsException.call(this);","    } else {","        return new StringIndexOutOfBoundsException();","    }","}","","util.inherits(StringIndexOutOfBoundsException, IndexOutOfBoundsException);","","StringIndexOutOfBoundsException.getClassName = function() {","    return \"java/lang/StringIndexOutOfBoundsException\";    ","}","","",""],"l":{"6":2,"7":2,"9":2,"10":0,"11":0,"13":0,"17":2,"19":0,"20":0}},"/home/travis/build/npmtest/node-npmtest-node-jvm/node_modules/node-jvm/libs/java/lang/String.js":{"path":"/home/travis/build/npmtest/node-npmtest-node-jvm/node_modules/node-jvm/libs/java/lang/String.js","s":{"1":1,"2":1,"3":1,"4":0,"5":0,"6":0,"7":1,"8":1,"9":0,"10":1,"11":0,"12":1,"13":0,"14":1,"15":0,"16":0,"17":0},"b":{"1":[0,0],"2":[0,0]},"f":{"1":0,"2":0,"3":0,"4":0,"5":0},"fnMap":{"1":{"name":"(anonymous_1)","line":9,"loc":{"start":{"line":9,"column":30},"end":{"line":9,"column":42}}},"2":{"name":"(anonymous_2)","line":19,"loc":{"start":{"line":19,"column":22},"end":{"line":19,"column":33}}},"3":{"name":"(anonymous_3)","line":23,"loc":{"start":{"line":23,"column":29},"end":{"line":23,"column":40}}},"4":{"name":"(anonymous_4)","line":27,"loc":{"start":{"line":27,"column":31},"end":{"line":27,"column":42}}},"5":{"name":"(anonymous_5)","line":31,"loc":{"start":{"line":31,"column":20},"end":{"line":31,"column":31}}}},"statementMap":{"1":{"start":{"line":6,"column":0},"end":{"line":6,"column":27}},"2":{"start":{"line":7,"column":0},"end":{"line":7,"column":36}},"3":{"start":{"line":9,"column":0},"end":{"line":15,"column":1}},"4":{"start":{"line":10,"column":4},"end":{"line":14,"column":5}},"5":{"start":{"line":11,"column":8},"end":{"line":11,"column":22}},"6":{"start":{"line":13,"column":8},"end":{"line":13,"column":29}},"7":{"start":{"line":17,"column":0},"end":{"line":17,"column":30}},"8":{"start":{"line":19,"column":0},"end":{"line":21,"column":1}},"9":{"start":{"line":20,"column":4},"end":{"line":20,"column":30}},"10":{"start":{"line":23,"column":0},"end":{"line":25,"column":1}},"11":{"start":{"line":24,"column":4},"end":{"line":24,"column":16}},"12":{"start":{"line":27,"column":0},"end":{"line":29,"column":1}},"13":{"start":{"line":28,"column":4},"end":{"line":28,"column":32}},"14":{"start":{"line":31,"column":0},"end":{"line":34,"column":1}},"15":{"start":{"line":32,"column":4},"end":{"line":32,"column":42}},"16":{"start":{"line":32,"column":32},"end":{"line":32,"column":42}},"17":{"start":{"line":33,"column":4},"end":{"line":33,"column":35}}},"branchMap":{"1":{"line":10,"type":"if","locations":[{"start":{"line":10,"column":4},"end":{"line":10,"column":4}},{"start":{"line":10,"column":4},"end":{"line":10,"column":4}}]},"2":{"line":32,"type":"if","locations":[{"start":{"line":32,"column":4},"end":{"line":32,"column":4}},{"start":{"line":32,"column":4},"end":{"line":32,"column":4}}]}},"code":["/*"," node-jvm"," Copyright (c) 2013 Yaroslav Gaponov <yaroslav.gaponov@gmail.com>","*/","","var util = require(\"util\");","var Object = require(\"./Object.js\");","","var String = module.exports = function(s) {","    if (this instanceof String) {","        this._str = s;","    } else {","        return new String(s);","    }","}","","util.inherits(String, Object);","","String.getClassName = function() {","    return \"java/lang/String\";","}"," ","String.prototype[\"<init>\"] = function() {","    return this;","}","","String.prototype[\"toString\"] = function() {","    return this._str.toString();","}","","String[\"valueOf\"] = function() {","    if (arguments.length === 0) return \"\";","    return arguments[0].toString();","}"],"l":{"6":1,"7":1,"9":1,"10":0,"11":0,"13":0,"17":1,"19":1,"20":0,"23":1,"24":0,"27":1,"28":0,"31":1,"32":0,"33":0}},"/home/travis/build/npmtest/node-npmtest-node-jvm/node_modules/node-jvm/libs/java/lang/System.js":{"path":"/home/travis/build/npmtest/node-npmtest-node-jvm/node_modules/node-jvm/libs/java/lang/System.js","s":{"1":1,"2":1,"3":0,"4":0,"5":1,"6":0,"7":1,"8":0,"9":1,"10":0,"11":0,"12":0,"13":0,"14":1,"15":0},"b":{"1":[0,0]},"f":{"1":0,"2":0,"3":0,"4":0,"5":0,"6":0,"7":0},"fnMap":{"1":{"name":"(anonymous_1)","line":8,"loc":{"start":{"line":8,"column":30},"end":{"line":8,"column":41}}},"2":{"name":"(anonymous_2)","line":15,"loc":{"start":{"line":15,"column":22},"end":{"line":15,"column":33}}},"3":{"name":"(anonymous_3)","line":20,"loc":{"start":{"line":20,"column":17},"end":{"line":20,"column":28}}},"4":{"name":"(anonymous_4)","line":25,"loc":{"start":{"line":25,"column":13},"end":{"line":25,"column":24}}},"5":{"name":"(anonymous_5)","line":28,"loc":{"start":{"line":28,"column":15},"end":{"line":28,"column":26}}},"6":{"name":"(anonymous_6)","line":32,"loc":{"start":{"line":32,"column":14},"end":{"line":32,"column":34}}},"7":{"name":"(anonymous_7)","line":37,"loc":{"start":{"line":37,"column":30},"end":{"line":37,"column":41}}}},"statementMap":{"1":{"start":{"line":6,"column":0},"end":{"line":6,"column":27}},"2":{"start":{"line":8,"column":0},"end":{"line":13,"column":1}},"3":{"start":{"line":9,"column":4},"end":{"line":12,"column":5}},"4":{"start":{"line":11,"column":8},"end":{"line":11,"column":28}},"5":{"start":{"line":15,"column":0},"end":{"line":17,"column":1}},"6":{"start":{"line":16,"column":4},"end":{"line":16,"column":30}},"7":{"start":{"line":20,"column":0},"end":{"line":22,"column":1}},"8":{"start":{"line":21,"column":4},"end":{"line":21,"column":19}},"9":{"start":{"line":24,"column":0},"end":{"line":35,"column":1}},"10":{"start":{"line":26,"column":8},"end":{"line":26,"column":42}},"11":{"start":{"line":29,"column":8},"end":{"line":29,"column":42}},"12":{"start":{"line":30,"column":8},"end":{"line":30,"column":25}},"13":{"start":{"line":33,"column":8},"end":{"line":33,"column":64}},"14":{"start":{"line":37,"column":0},"end":{"line":39,"column":1}},"15":{"start":{"line":38,"column":4},"end":{"line":38,"column":32}}},"branchMap":{"1":{"line":9,"type":"if","locations":[{"start":{"line":9,"column":4},"end":{"line":9,"column":4}},{"start":{"line":9,"column":4},"end":{"line":9,"column":4}}]}},"code":["/*"," node-jvm"," Copyright (c) 2013 Yaroslav Gaponov <yaroslav.gaponov@gmail.com>","*/","","var util = require(\"util\");","","var System = module.exports = function() {","    if (this instanceof System) {","    } else {","        return new System();","    }","}","","System.getClassName = function() {","    return \"java/lang/System\";","}"," ","","System[\"exit\"] = function() {","    process.exit();","}","","System[\"out\"] = {","    \"print\": function() {","        util.print.apply(null, arguments);","    },","    \"println\": function() {","        util.print.apply(null, arguments);","        util.print(\"\\n\");","    },","    \"format\": function(fmt, args) {","        util.print(util.format.apply(null, [fmt].concat(args)));","    }","}","","System[\"currentTimeMillis\"] = function() {","    return new Date().getTime();","}    ","","","","",""],"l":{"6":1,"8":1,"9":0,"11":0,"15":1,"16":0,"20":1,"21":0,"24":1,"26":0,"29":0,"30":0,"33":0,"37":1,"38":0}},"/home/travis/build/npmtest/node-npmtest-node-jvm/node_modules/node-jvm/libs/java/lang/Thread.js":{"path":"/home/travis/build/npmtest/node-npmtest-node-jvm/node_modules/node-jvm/libs/java/lang/Thread.js","s":{"1":1,"2":1,"3":1,"4":1,"5":1,"6":0,"7":0,"8":0,"9":1,"10":1,"11":0,"12":1,"13":0,"14":1,"15":0,"16":1,"17":0,"18":1,"19":0,"20":1,"21":0,"22":1,"23":0,"24":0,"25":0,"26":0,"27":0,"28":0,"29":0,"30":0},"b":{"1":[0,0],"2":[0,0]},"f":{"1":0,"2":0,"3":0,"4":0,"5":0,"6":0,"7":0,"8":0,"9":0},"fnMap":{"1":{"name":"(anonymous_1)","line":11,"loc":{"start":{"line":11,"column":31},"end":{"line":11,"column":42}}},"2":{"name":"(anonymous_2)","line":22,"loc":{"start":{"line":22,"column":23},"end":{"line":22,"column":34}}},"3":{"name":"(anonymous_3)","line":26,"loc":{"start":{"line":26,"column":30},"end":{"line":26,"column":49}}},"4":{"name":"(anonymous_4)","line":30,"loc":{"start":{"line":30,"column":28},"end":{"line":30,"column":43}}},"5":{"name":"(anonymous_5)","line":34,"loc":{"start":{"line":34,"column":28},"end":{"line":34,"column":39}}},"6":{"name":"(anonymous_6)","line":38,"loc":{"start":{"line":38,"column":32},"end":{"line":38,"column":51}}},"7":{"name":"(anonymous_7)","line":42,"loc":{"start":{"line":42,"column":32},"end":{"line":42,"column":43}}},"8":{"name":"(anonymous_8)","line":46,"loc":{"start":{"line":46,"column":29},"end":{"line":46,"column":40}}},"9":{"name":"(anonymous_9)","line":51,"loc":{"start":{"line":51,"column":52},"end":{"line":51,"column":63}}}},"statementMap":{"1":{"start":{"line":6,"column":0},"end":{"line":6,"column":27}},"2":{"start":{"line":7,"column":0},"end":{"line":7,"column":36}},"3":{"start":{"line":8,"column":0},"end":{"line":8,"column":40}},"4":{"start":{"line":9,"column":0},"end":{"line":9,"column":42}},"5":{"start":{"line":11,"column":0},"end":{"line":17,"column":1}},"6":{"start":{"line":12,"column":4},"end":{"line":16,"column":5}},"7":{"start":{"line":13,"column":8},"end":{"line":13,"column":35}},"8":{"start":{"line":15,"column":8},"end":{"line":15,"column":29}},"9":{"start":{"line":19,"column":0},"end":{"line":19,"column":30}},"10":{"start":{"line":22,"column":0},"end":{"line":24,"column":1}},"11":{"start":{"line":23,"column":4},"end":{"line":23,"column":30}},"12":{"start":{"line":26,"column":0},"end":{"line":28,"column":1}},"13":{"start":{"line":27,"column":4},"end":{"line":27,"column":30}},"14":{"start":{"line":30,"column":0},"end":{"line":32,"column":1}},"15":{"start":{"line":31,"column":4},"end":{"line":31,"column":30}},"16":{"start":{"line":34,"column":0},"end":{"line":36,"column":1}},"17":{"start":{"line":35,"column":4},"end":{"line":35,"column":33}},"18":{"start":{"line":38,"column":0},"end":{"line":40,"column":1}},"19":{"start":{"line":39,"column":4},"end":{"line":39,"column":38}},"20":{"start":{"line":42,"column":0},"end":{"line":44,"column":1}},"21":{"start":{"line":43,"column":4},"end":{"line":43,"column":37}},"22":{"start":{"line":46,"column":0},"end":{"line":58,"column":2}},"23":{"start":{"line":47,"column":4},"end":{"line":47,"column":20}},"24":{"start":{"line":48,"column":4},"end":{"line":48,"column":39}},"25":{"start":{"line":49,"column":4},"end":{"line":57,"column":5}},"26":{"start":{"line":50,"column":8},"end":{"line":50,"column":42}},"27":{"start":{"line":51,"column":8},"end":{"line":53,"column":11}},"28":{"start":{"line":52,"column":12},"end":{"line":52,"column":32}},"29":{"start":{"line":55,"column":8},"end":{"line":55,"column":32}},"30":{"start":{"line":56,"column":8},"end":{"line":56,"column":28}}},"branchMap":{"1":{"line":12,"type":"if","locations":[{"start":{"line":12,"column":4},"end":{"line":12,"column":4}},{"start":{"line":12,"column":4},"end":{"line":12,"column":4}}]},"2":{"line":49,"type":"if","locations":[{"start":{"line":49,"column":4},"end":{"line":49,"column":4}},{"start":{"line":49,"column":4},"end":{"line":49,"column":4}}]}},"code":["/*"," node-jvm"," Copyright (c) 2013 Yaroslav Gaponov <yaroslav.gaponov@gmail.com>","*/","","var util = require(\"util\");","var Object = require(\"./Object.js\");","var Frame = require(\"./../../frame.js\");","var Thread = require(\"./../../thread.js\");","","var AThread = module.exports = function() {","    if (this instanceof AThread) {","        this.thread = new Thread();","    } else {","        return new AThread();","    }","}","","util.inherits(String, Object);","","","AThread.getClassName = function() {","    return \"java/lang/Thread\";","}"," ","AThread.prototype[\"<init>\"] = function(instance) {","    this._instance = instance;","}","","AThread.prototype.setName = function(name) {","    this.thread.setName(name);    ","}","","AThread.prototype.getName = function() {","    return this.thread.getName();    ","}","","AThread.prototype.setPriority = function(priority) {","    this.thread.setPriority(priority);    ","}","","AThread.prototype.getPriority = function() {","    return this.thread.getPriority();    ","}","","AThread.prototype[\"start\"] = function() {","    var self = this;","    var pid = THREADS.add(this.thread);","    if (this._instance[\"run\"] instanceof Frame) {","        this._instance[\"run\"].setPid(pid);","        this._instance[\"run\"].run([this._instance], function() {","            THREADS.remove(pid);","        });","    } else {","        self._instance[\"run\"]();","        THREADS.remove(pid);","    }","};","",""],"l":{"6":1,"7":1,"8":1,"9":1,"11":1,"12":0,"13":0,"15":0,"19":1,"22":1,"23":0,"26":1,"27":0,"30":1,"31":0,"34":1,"35":0,"38":1,"39":0,"42":1,"43":0,"46":1,"47":0,"48":0,"49":0,"50":0,"51":0,"52":0,"55":0,"56":0}},"/home/travis/build/npmtest/node-npmtest-node-jvm/node_modules/node-jvm/libs/java/util/EmptyStackException.js":{"path":"/home/travis/build/npmtest/node-npmtest-node-jvm/node_modules/node-jvm/libs/java/util/EmptyStackException.js","s":{"1":2,"2":2,"3":0,"4":0,"5":0,"6":0,"7":0,"8":0,"9":0},"b":{"1":[0,0]},"f":{"1":0,"2":0},"fnMap":{"1":{"name":"(anonymous_1)","line":9,"loc":{"start":{"line":9,"column":43},"end":{"line":9,"column":54}}},"2":{"name":"(anonymous_2)","line":19,"loc":{"start":{"line":19,"column":35},"end":{"line":19,"column":46}}}},"statementMap":{"1":{"start":{"line":6,"column":0},"end":{"line":6,"column":27}},"2":{"start":{"line":7,"column":0},"end":{"line":7,"column":56}},"3":{"start":{"line":9,"column":0},"end":{"line":15,"column":1}},"4":{"start":{"line":10,"column":4},"end":{"line":14,"column":5}},"5":{"start":{"line":11,"column":8},"end":{"line":11,"column":36}},"6":{"start":{"line":13,"column":8},"end":{"line":13,"column":41}},"7":{"start":{"line":17,"column":0},"end":{"line":17,"column":53}},"8":{"start":{"line":19,"column":0},"end":{"line":21,"column":1}},"9":{"start":{"line":20,"column":4},"end":{"line":20,"column":46}}},"branchMap":{"1":{"line":10,"type":"if","locations":[{"start":{"line":10,"column":4},"end":{"line":10,"column":4}},{"start":{"line":10,"column":4},"end":{"line":10,"column":4}}]}},"code":["/*"," node-jvm"," Copyright (c) 2013 Yaroslav Gaponov <yaroslav.gaponov@gmail.com>","*/","","var util = require(\"util\");","var RuntimeException = require(\"./RuntimeException.js\");","","var EmptyStackException = module.exports = function() {","    if (this instanceof EmptyStackException) {","        RuntimeException.call(this);","    } else {","        return new EmptyStackException();","    }","}","","util.inherits(EmptyStackException, RuntimeException);","","EmptyStackException.getClassName = function() {","    return \"java/lang/EmptyStackException.js\";    ","}","",""],"l":{"6":2,"7":2,"9":0,"10":0,"11":0,"13":0,"17":0,"19":0,"20":0}},"/home/travis/build/npmtest/node-npmtest-node-jvm/node_modules/node-jvm/libs/java/util/NoSuchElementException.js":{"path":"/home/travis/build/npmtest/node-npmtest-node-jvm/node_modules/node-jvm/libs/java/util/NoSuchElementException.js","s":{"1":2,"2":2,"3":0,"4":0,"5":0,"6":0,"7":0,"8":0,"9":0},"b":{"1":[0,0]},"f":{"1":0,"2":0},"fnMap":{"1":{"name":"(anonymous_1)","line":9,"loc":{"start":{"line":9,"column":45},"end":{"line":9,"column":56}}},"2":{"name":"(anonymous_2)","line":19,"loc":{"start":{"line":19,"column":37},"end":{"line":19,"column":48}}}},"statementMap":{"1":{"start":{"line":6,"column":0},"end":{"line":6,"column":27}},"2":{"start":{"line":7,"column":0},"end":{"line":7,"column":56}},"3":{"start":{"line":9,"column":0},"end":{"line":15,"column":1}},"4":{"start":{"line":10,"column":4},"end":{"line":14,"column":5}},"5":{"start":{"line":11,"column":8},"end":{"line":11,"column":36}},"6":{"start":{"line":13,"column":8},"end":{"line":13,"column":43}},"7":{"start":{"line":17,"column":0},"end":{"line":17,"column":55}},"8":{"start":{"line":19,"column":0},"end":{"line":21,"column":1}},"9":{"start":{"line":20,"column":4},"end":{"line":20,"column":45}}},"branchMap":{"1":{"line":10,"type":"if","locations":[{"start":{"line":10,"column":4},"end":{"line":10,"column":4}},{"start":{"line":10,"column":4},"end":{"line":10,"column":4}}]}},"code":["/*"," node-jvm"," Copyright (c) 2013 Yaroslav Gaponov <yaroslav.gaponov@gmail.com>","*/","","var util = require(\"util\");","var RuntimeException = require(\"./RuntimeException.js\");","","var NoSuchMethodException = module.exports = function() {","    if (this instanceof NoSuchMethodException) {","        RuntimeException.call(this);","    } else {","        return new NoSuchMethodException();","    }","}","","util.inherits(NoSuchMethodException, RuntimeException);","","NoSuchMethodException.getClassName = function() {","    return \"java/lang/NoSuchMethodException\";    ","}","",""],"l":{"6":2,"7":2,"9":0,"10":0,"11":0,"13":0,"17":0,"19":0,"20":0}}}